{"/home/runner/work/typedraft/typedraft/src/index.ts": {"path":"/home/runner/work/typedraft/typedraft/src/index.ts","statementMap":{"0":{"start":{"line":1,"column":0},"end":{"line":1,"column":35}},"1":{"start":{"line":3,"column":0},"end":{"line":3,"column":43}},"2":{"start":{"line":4,"column":0},"end":{"line":4,"column":44}},"3":{"start":{"line":5,"column":0},"end":{"line":5,"column":45}},"4":{"start":{"line":6,"column":0},"end":{"line":6,"column":37}},"5":{"start":{"line":7,"column":0},"end":{"line":7,"column":37}},"6":{"start":{"line":9,"column":0},"end":{"line":9,"column":45}},"7":{"start":{"line":10,"column":0},"end":{"line":10,"column":43}},"8":{"start":{"line":11,"column":0},"end":{"line":11,"column":46}},"9":{"start":{"line":12,"column":0},"end":{"line":12,"column":53}},"10":{"start":{"line":13,"column":0},"end":{"line":13,"column":47}},"11":{"start":{"line":15,"column":0},"end":{"line":15,"column":33}},"12":{"start":{"line":20,"column":0},"end":{"line":20,"column":63}},"13":{"start":{"line":21,"column":0},"end":{"line":21,"column":68}},"14":{"start":{"line":22,"column":0},"end":{"line":22,"column":55}},"15":{"start":{"line":23,"column":0},"end":{"line":23,"column":74}},"16":{"start":{"line":24,"column":0},"end":{"line":24,"column":59}},"17":{"start":{"line":25,"column":0},"end":{"line":25,"column":61}},"18":{"start":{"line":26,"column":0},"end":{"line":26,"column":78}},"19":{"start":{"line":29,"column":24},"end":{"line":29,"column":48}},"20":{"start":{"line":30,"column":4},"end":{"line":38,"column":6}},"21":{"start":{"line":39,"column":4},"end":{"line":39,"column":23}},"22":{"start":{"line":28,"column":0},"end":{"line":28,"column":16}}},"fnMap":{"0":{"name":"MakeDefaultTranscriber","decl":{"start":{"line":28,"column":16},"end":{"line":28,"column":38}},"loc":{"start":{"line":28,"column":54},"end":{"line":40,"column":1}}}},"branchMap":{},"s":{"0":12,"1":12,"2":12,"3":12,"4":12,"5":12,"6":12,"7":12,"8":12,"9":12,"10":12,"11":12,"12":12,"13":12,"14":12,"15":12,"16":12,"17":12,"18":12,"19":26,"20":26,"21":26,"22":12},"f":{"0":26},"b":{}}
,"/home/runner/work/typedraft/typedraft/src/code-object/export-class.ts": {"path":"/home/runner/work/typedraft/typedraft/src/code-object/export-class.ts","statementMap":{"0":{"start":{"line":25,"column":4},"end":{"line":25,"column":23}},"1":{"start":{"line":5,"column":4},"end":{"line":5,"column":28}},"2":{"start":{"line":9,"column":4},"end":{"line":9,"column":57}},"3":{"start":{"line":13,"column":4},"end":{"line":13,"column":34}},"4":{"start":{"line":17,"column":4},"end":{"line":17,"column":44}},"5":{"start":{"line":21,"column":4},"end":{"line":21,"column":32}},"6":{"start":{"line":1,"column":0},"end":{"line":1,"column":13}}},"fnMap":{"0":{"name":"(anonymous_0)","decl":{"start":{"line":24,"column":2},"end":{"line":24,"column":14}},"loc":{"start":{"line":24,"column":52},"end":{"line":26,"column":3}}},"1":{"name":"(anonymous_1)","decl":{"start":{"line":4,"column":2},"end":{"line":4,"column":6}},"loc":{"start":{"line":4,"column":12},"end":{"line":6,"column":3}}},"2":{"name":"(anonymous_2)","decl":{"start":{"line":8,"column":2},"end":{"line":8,"column":6}},"loc":{"start":{"line":8,"column":13},"end":{"line":10,"column":3}}},"3":{"name":"(anonymous_3)","decl":{"start":{"line":12,"column":2},"end":{"line":12,"column":6}},"loc":{"start":{"line":12,"column":15},"end":{"line":14,"column":3}}},"4":{"name":"(anonymous_4)","decl":{"start":{"line":16,"column":2},"end":{"line":16,"column":6}},"loc":{"start":{"line":16,"column":12},"end":{"line":18,"column":3}}},"5":{"name":"(anonymous_5)","decl":{"start":{"line":20,"column":2},"end":{"line":20,"column":11}},"loc":{"start":{"line":20,"column":31},"end":{"line":22,"column":3}}}},"branchMap":{},"s":{"0":8,"1":11,"2":9,"3":4,"4":5,"5":4,"6":12},"f":{"0":8,"1":11,"2":9,"3":4,"4":5,"5":4},"b":{}}
,"/home/runner/work/typedraft/typedraft/src/code-object/inline-context.ts": {"path":"/home/runner/work/typedraft/typedraft/src/code-object/inline-context.ts","statementMap":{"0":{"start":{"line":13,"column":4},"end":{"line":13,"column":23}},"1":{"start":{"line":5,"column":4},"end":{"line":5,"column":20}},"2":{"start":{"line":9,"column":4},"end":{"line":9,"column":48}},"3":{"start":{"line":17,"column":4},"end":{"line":17,"column":28}},"4":{"start":{"line":21,"column":4},"end":{"line":25,"column":null}},"5":{"start":{"line":22,"column":6},"end":{"line":22,"column":88}},"6":{"start":{"line":24,"column":6},"end":{"line":24,"column":74}},"7":{"start":{"line":29,"column":23},"end":{"line":29,"column":71}},"8":{"start":{"line":31,"column":4},"end":{"line":33,"column":null}},"9":{"start":{"line":32,"column":6},"end":{"line":32,"column":16}},"10":{"start":{"line":35,"column":25},"end":{"line":35,"column":69}},"11":{"start":{"line":36,"column":4},"end":{"line":36,"column":20}},"12":{"start":{"line":1,"column":0},"end":{"line":1,"column":13}},"13":{"start":{"line":43,"column":0},"end":{"line":43,"column":111}}},"fnMap":{"0":{"name":"(anonymous_0)","decl":{"start":{"line":12,"column":2},"end":{"line":12,"column":14}},"loc":{"start":{"line":12,"column":44},"end":{"line":14,"column":3}}},"1":{"name":"(anonymous_1)","decl":{"start":{"line":4,"column":2},"end":{"line":4,"column":6}},"loc":{"start":{"line":4,"column":10},"end":{"line":6,"column":3}}},"2":{"name":"(anonymous_2)","decl":{"start":{"line":8,"column":2},"end":{"line":8,"column":6}},"loc":{"start":{"line":8,"column":12},"end":{"line":10,"column":3}}},"3":{"name":"(anonymous_3)","decl":{"start":{"line":16,"column":2},"end":{"line":16,"column":14}},"loc":{"start":{"line":16,"column":14},"end":{"line":18,"column":3}}},"4":{"name":"(anonymous_4)","decl":{"start":{"line":20,"column":2},"end":{"line":20,"column":9}},"loc":{"start":{"line":20,"column":19},"end":{"line":26,"column":3}}},"5":{"name":"(anonymous_5)","decl":{"start":{"line":28,"column":2},"end":{"line":28,"column":12}},"loc":{"start":{"line":28,"column":12},"end":{"line":37,"column":3}}}},"branchMap":{"0":{"loc":{"start":{"line":21,"column":4},"end":{"line":25,"column":null}},"type":"if","locations":[{"start":{"line":21,"column":4},"end":{"line":25,"column":null}},{"start":{"line":21,"column":4},"end":{"line":25,"column":null}}]},"1":{"loc":{"start":{"line":31,"column":4},"end":{"line":33,"column":null}},"type":"if","locations":[{"start":{"line":31,"column":4},"end":{"line":33,"column":null}},{"start":{"line":31,"column":4},"end":{"line":33,"column":null}}]},"2":{"loc":{"start":{"line":31,"column":8},"end":{"line":31,"column":18}},"type":"binary-expr","locations":[{"start":{"line":31,"column":8},"end":{"line":31,"column":18}},{"start":{"line":31,"column":22},"end":{"line":31,"column":60}}]}},"s":{"0":7,"1":4,"2":6,"3":5,"4":4,"5":3,"6":1,"7":6,"8":6,"9":1,"10":5,"11":5,"12":12,"13":12},"f":{"0":7,"1":4,"2":6,"3":5,"4":4,"5":6},"b":{"0":[3,1],"1":[1,5],"2":[6,6]}}
,"/home/runner/work/typedraft/typedraft/src/code-object/local-context.ts": {"path":"/home/runner/work/typedraft/typedraft/src/code-object/local-context.ts","statementMap":{"0":{"start":{"line":41,"column":4},"end":{"line":41,"column":29}},"1":{"start":{"line":5,"column":4},"end":{"line":5,"column":66}},"2":{"start":{"line":9,"column":4},"end":{"line":9,"column":28}},"3":{"start":{"line":13,"column":4},"end":{"line":13,"column":41}},"4":{"start":{"line":17,"column":4},"end":{"line":17,"column":31}},"5":{"start":{"line":21,"column":4},"end":{"line":21,"column":37}},"6":{"start":{"line":22,"column":4},"end":{"line":22,"column":77}},"7":{"start":{"line":26,"column":4},"end":{"line":26,"column":33}},"8":{"start":{"line":30,"column":24},"end":{"line":30,"column":51}},"9":{"start":{"line":32,"column":4},"end":{"line":35,"column":null}},"10":{"start":{"line":33,"column":31},"end":{"line":33,"column":63}},"11":{"start":{"line":34,"column":6},"end":{"line":34,"column":26}},"12":{"start":{"line":37,"column":4},"end":{"line":37,"column":14}},"13":{"start":{"line":1,"column":0},"end":{"line":1,"column":13}}},"fnMap":{"0":{"name":"(anonymous_0)","decl":{"start":{"line":40,"column":2},"end":{"line":40,"column":14}},"loc":{"start":{"line":40,"column":30},"end":{"line":42,"column":3}}},"1":{"name":"(anonymous_1)","decl":{"start":{"line":4,"column":2},"end":{"line":4,"column":6}},"loc":{"start":{"line":4,"column":12},"end":{"line":6,"column":3}}},"2":{"name":"(anonymous_2)","decl":{"start":{"line":8,"column":2},"end":{"line":8,"column":6}},"loc":{"start":{"line":8,"column":12},"end":{"line":10,"column":3}}},"3":{"name":"(anonymous_3)","decl":{"start":{"line":12,"column":2},"end":{"line":12,"column":6}},"loc":{"start":{"line":12,"column":12},"end":{"line":14,"column":3}}},"4":{"name":"(anonymous_4)","decl":{"start":{"line":16,"column":2},"end":{"line":16,"column":6}},"loc":{"start":{"line":16,"column":12},"end":{"line":18,"column":3}}},"5":{"name":"(anonymous_5)","decl":{"start":{"line":20,"column":2},"end":{"line":20,"column":9}},"loc":{"start":{"line":20,"column":19},"end":{"line":23,"column":3}}},"6":{"name":"(anonymous_6)","decl":{"start":{"line":25,"column":2},"end":{"line":25,"column":14}},"loc":{"start":{"line":25,"column":14},"end":{"line":27,"column":3}}},"7":{"name":"(anonymous_7)","decl":{"start":{"line":29,"column":2},"end":{"line":29,"column":12}},"loc":{"start":{"line":29,"column":12},"end":{"line":38,"column":3}}}},"branchMap":{"0":{"loc":{"start":{"line":32,"column":4},"end":{"line":35,"column":null}},"type":"if","locations":[{"start":{"line":32,"column":4},"end":{"line":35,"column":null}},{"start":{"line":32,"column":4},"end":{"line":35,"column":null}}]}},"s":{"0":33,"1":82,"2":69,"3":32,"4":29,"5":5,"6":5,"7":22,"8":8,"9":8,"10":6,"11":6,"12":2,"13":12},"f":{"0":33,"1":82,"2":69,"3":32,"4":29,"5":5,"6":22,"7":8},"b":{"0":[6,2]}}
,"/home/runner/work/typedraft/typedraft/src/code-object/method.ts": {"path":"/home/runner/work/typedraft/typedraft/src/code-object/method.ts","statementMap":{"0":{"start":{"line":45,"column":4},"end":{"line":45,"column":23}},"1":{"start":{"line":5,"column":4},"end":{"line":5,"column":28}},"2":{"start":{"line":9,"column":4},"end":{"line":9,"column":50}},"3":{"start":{"line":13,"column":4},"end":{"line":13,"column":59}},"4":{"start":{"line":17,"column":4},"end":{"line":17,"column":56}},"5":{"start":{"line":21,"column":4},"end":{"line":21,"column":67}},"6":{"start":{"line":30,"column":8},"end":{"line":30,"column":20}},"7":{"start":{"line":31,"column":19},"end":{"line":37,"column":6}},"8":{"start":{"line":32,"column":6},"end":{"line":34,"column":null}},"9":{"start":{"line":33,"column":8},"end":{"line":33,"column":21}},"10":{"start":{"line":36,"column":6},"end":{"line":36,"column":18}},"11":{"start":{"line":38,"column":17},"end":{"line":38,"column":63}},"12":{"start":{"line":39,"column":25},"end":{"line":39,"column":60}},"13":{"start":{"line":40,"column":4},"end":{"line":40,"column":49}},"14":{"start":{"line":41,"column":4},"end":{"line":41,"column":24}},"15":{"start":{"line":1,"column":0},"end":{"line":1,"column":13}},"16":{"start":{"line":49,"column":0},"end":{"line":49,"column":156}}},"fnMap":{"0":{"name":"(anonymous_0)","decl":{"start":{"line":44,"column":2},"end":{"line":44,"column":14}},"loc":{"start":{"line":44,"column":49},"end":{"line":46,"column":3}}},"1":{"name":"(anonymous_1)","decl":{"start":{"line":4,"column":2},"end":{"line":4,"column":6}},"loc":{"start":{"line":4,"column":12},"end":{"line":6,"column":3}}},"2":{"name":"(anonymous_2)","decl":{"start":{"line":8,"column":2},"end":{"line":8,"column":6}},"loc":{"start":{"line":8,"column":12},"end":{"line":10,"column":3}}},"3":{"name":"(anonymous_3)","decl":{"start":{"line":12,"column":2},"end":{"line":12,"column":6}},"loc":{"start":{"line":12,"column":13},"end":{"line":14,"column":3}}},"4":{"name":"(anonymous_4)","decl":{"start":{"line":16,"column":2},"end":{"line":16,"column":6}},"loc":{"start":{"line":16,"column":18},"end":{"line":18,"column":3}}},"5":{"name":"(anonymous_5)","decl":{"start":{"line":20,"column":2},"end":{"line":20,"column":6}},"loc":{"start":{"line":20,"column":17},"end":{"line":22,"column":3}}},"6":{"name":"(anonymous_6)","decl":{"start":{"line":24,"column":2},"end":{"line":24,"column":15}},"loc":{"start":{"line":24,"column":15},"end":{"line":42,"column":3}}},"7":{"name":"(anonymous_7)","decl":{"start":{"line":31,"column":37},"end":{"line":31,"column":42}},"loc":{"start":{"line":31,"column":45},"end":{"line":37,"column":5}}}},"branchMap":{"0":{"loc":{"start":{"line":32,"column":6},"end":{"line":34,"column":null}},"type":"if","locations":[{"start":{"line":32,"column":6},"end":{"line":34,"column":null}},{"start":{"line":32,"column":6},"end":{"line":34,"column":null}}]},"1":{"loc":{"start":{"line":32,"column":10},"end":{"line":32,"column":29}},"type":"binary-expr","locations":[{"start":{"line":32,"column":10},"end":{"line":32,"column":29}},{"start":{"line":32,"column":33},"end":{"line":32,"column":54}}]},"2":{"loc":{"start":{"line":38,"column":45},"end":{"line":38,"column":52}},"type":"cond-expr","locations":[{"start":{"line":38,"column":45},"end":{"line":38,"column":52}},{"start":{"line":38,"column":55},"end":{"line":38,"column":63}}]}},"s":{"0":18,"1":20,"2":13,"3":7,"4":20,"5":13,"6":7,"7":7,"8":17,"9":6,"10":11,"11":7,"12":7,"13":7,"14":7,"15":12,"16":12},"f":{"0":18,"1":20,"2":13,"3":7,"4":20,"5":13,"6":7,"7":17},"b":{"0":[6,11],"1":[17,16],"2":[1,6]}}
,"/home/runner/work/typedraft/typedraft/src/code-object/module.ts": {"path":"/home/runner/work/typedraft/typedraft/src/code-object/module.ts","statementMap":{"0":{"start":{"line":50,"column":4},"end":{"line":50,"column":31}},"1":{"start":{"line":6,"column":4},"end":{"line":6,"column":48}},"2":{"start":{"line":7,"column":23},"end":{"line":7,"column":25}},"3":{"start":{"line":8,"column":4},"end":{"line":29,"column":7}},"4":{"start":{"line":12,"column":8},"end":{"line":12,"column":35}},"5":{"start":{"line":16,"column":27},"end":{"line":16,"column":49}},"6":{"start":{"line":18,"column":8},"end":{"line":24,"column":null}},"7":{"start":{"line":19,"column":26},"end":{"line":19,"column":54}},"8":{"start":{"line":21,"column":10},"end":{"line":23,"column":null}},"9":{"start":{"line":22,"column":12},"end":{"line":22,"column":62}},"10":{"start":{"line":30,"column":4},"end":{"line":40,"column":7}},"11":{"start":{"line":31,"column":6},"end":{"line":39,"column":null}},"12":{"start":{"line":32,"column":8},"end":{"line":32,"column":22}},"13":{"start":{"line":33,"column":13},"end":{"line":39,"column":null}},"14":{"start":{"line":34,"column":8},"end":{"line":34,"column":46}},"15":{"start":{"line":35,"column":13},"end":{"line":39,"column":null}},"16":{"start":{"line":36,"column":8},"end":{"line":36,"column":41}},"17":{"start":{"line":37,"column":13},"end":{"line":39,"column":null}},"18":{"start":{"line":38,"column":8},"end":{"line":38,"column":86}},"19":{"start":{"line":41,"column":4},"end":{"line":41,"column":17}},"20":{"start":{"line":45,"column":4},"end":{"line":45,"column":48}},"21":{"start":{"line":46,"column":4},"end":{"line":46,"column":51}},"22":{"start":{"line":1,"column":0},"end":{"line":1,"column":13}},"23":{"start":{"line":59,"column":2},"end":{"line":61,"column":null}},"24":{"start":{"line":60,"column":4},"end":{"line":60,"column":17}},"25":{"start":{"line":63,"column":23},"end":{"line":63,"column":65}},"26":{"start":{"line":64,"column":2},"end":{"line":64,"column":42}},"27":{"start":{"line":58,"column":0},"end":{"line":58,"column":16}},"28":{"start":{"line":67,"column":2},"end":{"line":69,"column":null}},"29":{"start":{"line":68,"column":4},"end":{"line":68,"column":17}},"30":{"start":{"line":71,"column":22},"end":{"line":71,"column":63}},"31":{"start":{"line":73,"column":2},"end":{"line":75,"column":null}},"32":{"start":{"line":74,"column":4},"end":{"line":74,"column":17}},"33":{"start":{"line":77,"column":16},"end":{"line":77,"column":57}},"34":{"start":{"line":78,"column":17},"end":{"line":78,"column":59}},"35":{"start":{"line":79,"column":2},"end":{"line":79,"column":61}},"36":{"start":{"line":66,"column":0},"end":{"line":66,"column":16}},"37":{"start":{"line":82,"column":2},"end":{"line":84,"column":null}},"38":{"start":{"line":83,"column":4},"end":{"line":83,"column":17}},"39":{"start":{"line":86,"column":32},"end":{"line":86,"column":57}},"40":{"start":{"line":87,"column":27},"end":{"line":92,"column":4}},"41":{"start":{"line":88,"column":21},"end":{"line":88,"column":67}},"42":{"start":{"line":89,"column":27},"end":{"line":89,"column":94}},"43":{"start":{"line":90,"column":24},"end":{"line":90,"column":42}},"44":{"start":{"line":91,"column":4},"end":{"line":91,"column":61}},"45":{"start":{"line":93,"column":2},"end":{"line":93,"column":26}},"46":{"start":{"line":81,"column":0},"end":{"line":81,"column":16}},"47":{"start":{"line":96,"column":0},"end":{"line":96,"column":49}},"48":{"start":{"line":97,"column":0},"end":{"line":97,"column":38}},"49":{"start":{"line":98,"column":0},"end":{"line":98,"column":47}},"50":{"start":{"line":99,"column":0},"end":{"line":99,"column":53}},"51":{"start":{"line":100,"column":0},"end":{"line":100,"column":76}},"52":{"start":{"line":101,"column":0},"end":{"line":101,"column":49}}},"fnMap":{"0":{"name":"(anonymous_0)","decl":{"start":{"line":49,"column":2},"end":{"line":49,"column":14}},"loc":{"start":{"line":49,"column":26},"end":{"line":51,"column":3}}},"1":{"name":"(anonymous_1)","decl":{"start":{"line":5,"column":2},"end":{"line":5,"column":9}},"loc":{"start":{"line":5,"column":9},"end":{"line":42,"column":3}}},"2":{"name":"(anonymous_2)","decl":{"start":{"line":11,"column":6},"end":{"line":11,"column":13}},"loc":{"start":{"line":11,"column":18},"end":{"line":13,"column":7}}},"3":{"name":"(anonymous_3)","decl":{"start":{"line":15,"column":6},"end":{"line":15,"column":25}},"loc":{"start":{"line":15,"column":30},"end":{"line":25,"column":7}}},"4":{"name":"(anonymous_4)","decl":{"start":{"line":30,"column":36},"end":{"line":30,"column":40}},"loc":{"start":{"line":30,"column":43},"end":{"line":40,"column":5}}},"5":{"name":"(anonymous_5)","decl":{"start":{"line":44,"column":2},"end":{"line":44,"column":10}},"loc":{"start":{"line":44,"column":58},"end":{"line":47,"column":3}}},"6":{"name":"IsExportClassCode","decl":{"start":{"line":58,"column":16},"end":{"line":58,"column":33}},"loc":{"start":{"line":58,"column":53},"end":{"line":65,"column":1}}},"7":{"name":"IsMethodCode","decl":{"start":{"line":66,"column":16},"end":{"line":66,"column":28}},"loc":{"start":{"line":66,"column":48},"end":{"line":80,"column":1}}},"8":{"name":"IsLocalContext","decl":{"start":{"line":81,"column":16},"end":{"line":81,"column":30}},"loc":{"start":{"line":81,"column":50},"end":{"line":94,"column":1}}},"9":{"name":"(anonymous_9)","decl":{"start":{"line":87,"column":95},"end":{"line":87,"column":99}},"loc":{"start":{"line":87,"column":102},"end":{"line":92,"column":3}}}},"branchMap":{"0":{"loc":{"start":{"line":18,"column":8},"end":{"line":24,"column":null}},"type":"if","locations":[{"start":{"line":18,"column":8},"end":{"line":24,"column":null}},{"start":{"line":18,"column":8},"end":{"line":24,"column":null}}]},"1":{"loc":{"start":{"line":21,"column":10},"end":{"line":23,"column":null}},"type":"if","locations":[{"start":{"line":21,"column":10},"end":{"line":23,"column":null}},{"start":{"line":21,"column":10},"end":{"line":23,"column":null}}]},"2":{"loc":{"start":{"line":21,"column":14},"end":{"line":21,"column":39}},"type":"binary-expr","locations":[{"start":{"line":21,"column":14},"end":{"line":21,"column":39}},{"start":{"line":21,"column":43},"end":{"line":21,"column":77}}]},"3":{"loc":{"start":{"line":31,"column":6},"end":{"line":39,"column":null}},"type":"if","locations":[{"start":{"line":31,"column":6},"end":{"line":39,"column":null}},{"start":{"line":31,"column":6},"end":{"line":39,"column":null}}]},"4":{"loc":{"start":{"line":33,"column":13},"end":{"line":39,"column":null}},"type":"if","locations":[{"start":{"line":33,"column":13},"end":{"line":39,"column":null}},{"start":{"line":33,"column":13},"end":{"line":39,"column":null}}]},"5":{"loc":{"start":{"line":35,"column":13},"end":{"line":39,"column":null}},"type":"if","locations":[{"start":{"line":35,"column":13},"end":{"line":39,"column":null}},{"start":{"line":35,"column":13},"end":{"line":39,"column":null}}]},"6":{"loc":{"start":{"line":37,"column":13},"end":{"line":39,"column":null}},"type":"if","locations":[{"start":{"line":37,"column":13},"end":{"line":39,"column":null}},{"start":{"line":37,"column":13},"end":{"line":39,"column":null}}]},"7":{"loc":{"start":{"line":44,"column":54},"end":{"line":44,"column":58}},"type":"default-arg","locations":[{"start":{"line":44,"column":54},"end":{"line":44,"column":58}}]},"8":{"loc":{"start":{"line":59,"column":2},"end":{"line":61,"column":null}},"type":"if","locations":[{"start":{"line":59,"column":2},"end":{"line":61,"column":null}},{"start":{"line":59,"column":2},"end":{"line":61,"column":null}}]},"9":{"loc":{"start":{"line":67,"column":2},"end":{"line":69,"column":null}},"type":"if","locations":[{"start":{"line":67,"column":2},"end":{"line":69,"column":null}},{"start":{"line":67,"column":2},"end":{"line":69,"column":null}}]},"10":{"loc":{"start":{"line":73,"column":2},"end":{"line":75,"column":null}},"type":"if","locations":[{"start":{"line":73,"column":2},"end":{"line":75,"column":null}},{"start":{"line":73,"column":2},"end":{"line":75,"column":null}}]},"11":{"loc":{"start":{"line":79,"column":9},"end":{"line":79,"column":28}},"type":"binary-expr","locations":[{"start":{"line":79,"column":9},"end":{"line":79,"column":28}},{"start":{"line":79,"column":32},"end":{"line":79,"column":60}}]},"12":{"loc":{"start":{"line":82,"column":2},"end":{"line":84,"column":null}},"type":"if","locations":[{"start":{"line":82,"column":2},"end":{"line":84,"column":null}},{"start":{"line":82,"column":2},"end":{"line":84,"column":null}}]},"13":{"loc":{"start":{"line":88,"column":51},"end":{"line":88,"column":53}},"type":"cond-expr","locations":[{"start":{"line":88,"column":51},"end":{"line":88,"column":53}},{"start":{"line":88,"column":51},"end":{"line":88,"column":67}}]},"14":{"loc":{"start":{"line":88,"column":21},"end":{"line":88,"column":53}},"type":"binary-expr","locations":[{"start":{"line":88,"column":21},"end":{"line":88,"column":53}},{"start":{"line":88,"column":51},"end":{"line":88,"column":53}}]},"15":{"loc":{"start":{"line":88,"column":39},"end":{"line":88,"column":41}},"type":"cond-expr","locations":[{"start":{"line":88,"column":39},"end":{"line":88,"column":41}},{"start":{"line":88,"column":39},"end":{"line":88,"column":51}}]},"16":{"loc":{"start":{"line":88,"column":21},"end":{"line":88,"column":41}},"type":"binary-expr","locations":[{"start":{"line":88,"column":21},"end":{"line":88,"column":41}},{"start":{"line":88,"column":39},"end":{"line":88,"column":41}}]},"17":{"loc":{"start":{"line":89,"column":69},"end":{"line":89,"column":71}},"type":"cond-expr","locations":[{"start":{"line":89,"column":69},"end":{"line":89,"column":71}},{"start":{"line":89,"column":69},"end":{"line":89,"column":94}}]},"18":{"loc":{"start":{"line":89,"column":27},"end":{"line":89,"column":71}},"type":"binary-expr","locations":[{"start":{"line":89,"column":27},"end":{"line":89,"column":71}},{"start":{"line":89,"column":69},"end":{"line":89,"column":71}}]},"19":{"loc":{"start":{"line":89,"column":57},"end":{"line":89,"column":59}},"type":"cond-expr","locations":[{"start":{"line":89,"column":57},"end":{"line":89,"column":59}},{"start":{"line":89,"column":57},"end":{"line":89,"column":69}}]},"20":{"loc":{"start":{"line":89,"column":27},"end":{"line":89,"column":59}},"type":"binary-expr","locations":[{"start":{"line":89,"column":27},"end":{"line":89,"column":59}},{"start":{"line":89,"column":57},"end":{"line":89,"column":59}}]},"21":{"loc":{"start":{"line":89,"column":45},"end":{"line":89,"column":47}},"type":"cond-expr","locations":[{"start":{"line":89,"column":45},"end":{"line":89,"column":47}},{"start":{"line":89,"column":45},"end":{"line":89,"column":57}}]},"22":{"loc":{"start":{"line":89,"column":27},"end":{"line":89,"column":47}},"type":"binary-expr","locations":[{"start":{"line":89,"column":27},"end":{"line":89,"column":47}},{"start":{"line":89,"column":45},"end":{"line":89,"column":47}}]},"23":{"loc":{"start":{"line":91,"column":11},"end":{"line":91,"column":22}},"type":"binary-expr","locations":[{"start":{"line":91,"column":11},"end":{"line":91,"column":22}},{"start":{"line":91,"column":27},"end":{"line":91,"column":38}},{"start":{"line":91,"column":42},"end":{"line":91,"column":59}}]}},"s":{"0":28,"1":29,"2":29,"3":29,"4":29,"5":104,"6":104,"7":4,"8":4,"9":4,"10":29,"11":105,"12":31,"13":74,"14":7,"15":67,"16":14,"17":53,"18":30,"19":29,"20":43,"21":43,"22":12,"23":74,"24":49,"25":25,"26":25,"27":12,"28":67,"29":51,"30":16,"31":16,"32":2,"33":14,"34":14,"35":14,"36":12,"37":53,"38":20,"39":33,"40":33,"41":32,"42":32,"43":32,"44":32,"45":33,"46":12,"47":12,"48":12,"49":12,"50":12,"51":12,"52":12},"f":{"0":28,"1":29,"2":29,"3":104,"4":105,"5":43,"6":74,"7":67,"8":53,"9":32},"b":{"0":[4,100],"1":[4,0],"2":[4,4],"3":[31,74],"4":[7,67],"5":[14,53],"6":[30,23],"7":[14],"8":[49,25],"9":[51,16],"10":[2,14],"11":[14,14],"12":[20,33],"13":[0,32],"14":[32,32],"15":[0,32],"16":[32,32],"17":[0,32],"18":[32,32],"19":[0,32],"20":[32,32],"21":[0,32],"22":[32,32],"23":[32,31,26]}}
,"/home/runner/work/typedraft/typedraft/src/common/utility.ts": {"path":"/home/runner/work/typedraft/typedraft/src/common/utility.ts","statementMap":{"0":{"start":{"line":1,"column":0},"end":{"line":1,"column":39}},"1":{"start":{"line":3,"column":0},"end":{"line":3,"column":43}},"2":{"start":{"line":4,"column":0},"end":{"line":4,"column":71}},"3":{"start":{"line":5,"column":0},"end":{"line":5,"column":38}},"4":{"start":{"line":6,"column":0},"end":{"line":6,"column":62}},"5":{"start":{"line":9,"column":4},"end":{"line":9,"column":84}},"6":{"start":{"line":8,"column":0},"end":{"line":8,"column":16}},"7":{"start":{"line":13,"column":17},"end":{"line":13,"column":44}},"8":{"start":{"line":14,"column":4},"end":{"line":14,"column":46}},"9":{"start":{"line":15,"column":4},"end":{"line":15,"column":16}},"10":{"start":{"line":12,"column":0},"end":{"line":12,"column":16}},"11":{"start":{"line":22,"column":20},"end":{"line":28,"column":6}},"12":{"start":{"line":29,"column":4},"end":{"line":29,"column":19}},"13":{"start":{"line":21,"column":0},"end":{"line":21,"column":16}},"14":{"start":{"line":35,"column":17},"end":{"line":35,"column":58}},"15":{"start":{"line":36,"column":4},"end":{"line":39,"column":7}},"16":{"start":{"line":32,"column":0},"end":{"line":32,"column":16}},"17":{"start":{"line":43,"column":4},"end":{"line":43,"column":46}},"18":{"start":{"line":42,"column":0},"end":{"line":42,"column":16}}},"fnMap":{"0":{"name":"ToAst","decl":{"start":{"line":8,"column":16},"end":{"line":8,"column":21}},"loc":{"start":{"line":8,"column":43},"end":{"line":10,"column":1}}},"1":{"name":"ToNodePath","decl":{"start":{"line":12,"column":16},"end":{"line":12,"column":26}},"loc":{"start":{"line":12,"column":48},"end":{"line":16,"column":1}}},"2":{"name":"ToBinding","decl":{"start":{"line":21,"column":16},"end":{"line":21,"column":25}},"loc":{"start":{"line":21,"column":38},"end":{"line":30,"column":1}}},"3":{"name":"ToFile","decl":{"start":{"line":32,"column":16},"end":{"line":32,"column":22}},"loc":{"start":{"line":32,"column":34},"end":{"line":40,"column":1}}},"4":{"name":"ToString","decl":{"start":{"line":42,"column":16},"end":{"line":42,"column":24}},"loc":{"start":{"line":42,"column":63},"end":{"line":44,"column":1}}}},"branchMap":{"0":{"loc":{"start":{"line":43,"column":26},"end":{"line":43,"column":33}},"type":"binary-expr","locations":[{"start":{"line":43,"column":26},"end":{"line":43,"column":33}},{"start":{"line":43,"column":37},"end":{"line":43,"column":39}}]}},"s":{"0":12,"1":12,"2":12,"3":12,"4":12,"5":16,"6":12,"7":11,"8":11,"9":11,"10":12,"11":3,"12":3,"13":12,"14":100,"15":100,"16":12,"17":101,"18":12},"f":{"0":16,"1":11,"2":3,"3":100,"4":101},"b":{"0":[101,78]}}
,"/home/runner/work/typedraft/typedraft/src/core/transcriber.ts": {"path":"/home/runner/work/typedraft/typedraft/src/core/transcriber.ts","statementMap":{"0":{"start":{"line":46,"column":4},"end":{"line":46,"column":44}},"1":{"start":{"line":47,"column":4},"end":{"line":47,"column":57}},"2":{"start":{"line":48,"column":4},"end":{"line":48,"column":60}},"3":{"start":{"line":49,"column":4},"end":{"line":49,"column":56}},"4":{"start":{"line":50,"column":4},"end":{"line":50,"column":63}},"5":{"start":{"line":51,"column":4},"end":{"line":51,"column":44}},"6":{"start":{"line":52,"column":4},"end":{"line":52,"column":42}},"7":{"start":{"line":11,"column":4},"end":{"line":11,"column":58}},"8":{"start":{"line":11,"column":37},"end":{"line":11,"column":56}},"9":{"start":{"line":12,"column":4},"end":{"line":14,"column":7}},"10":{"start":{"line":18,"column":4},"end":{"line":18,"column":33}},"11":{"start":{"line":22,"column":4},"end":{"line":22,"column":35}},"12":{"start":{"line":26,"column":4},"end":{"line":26,"column":39}},"13":{"start":{"line":30,"column":4},"end":{"line":30,"column":74}},"14":{"start":{"line":30,"column":49},"end":{"line":30,"column":72}},"15":{"start":{"line":34,"column":4},"end":{"line":34,"column":66}},"16":{"start":{"line":34,"column":47},"end":{"line":34,"column":64}},"17":{"start":{"line":38,"column":4},"end":{"line":38,"column":37}},"18":{"start":{"line":42,"column":4},"end":{"line":42,"column":85}},"19":{"start":{"line":42,"column":54},"end":{"line":42,"column":83}},"20":{"start":{"line":1,"column":0},"end":{"line":1,"column":13}},"21":{"start":{"line":86,"column":0},"end":{"line":86,"column":45}},"22":{"start":{"line":87,"column":0},"end":{"line":87,"column":51}}},"fnMap":{"0":{"name":"(anonymous_0)","decl":{"start":{"line":45,"column":2},"end":{"line":45,"column":14}},"loc":{"start":{"line":45,"column":29},"end":{"line":53,"column":3}}},"1":{"name":"(anonymous_1)","decl":{"start":{"line":10,"column":2},"end":{"line":10,"column":12}},"loc":{"start":{"line":10,"column":12},"end":{"line":15,"column":3}}},"2":{"name":"(anonymous_2)","decl":{"start":{"line":11,"column":27},"end":{"line":11,"column":33}},"loc":{"start":{"line":11,"column":37},"end":{"line":11,"column":56}}},"3":{"name":"(anonymous_3)","decl":{"start":{"line":17,"column":2},"end":{"line":17,"column":8}},"loc":{"start":{"line":17,"column":32},"end":{"line":19,"column":3}}},"4":{"name":"(anonymous_4)","decl":{"start":{"line":21,"column":2},"end":{"line":21,"column":8}},"loc":{"start":{"line":21,"column":21},"end":{"line":23,"column":3}}},"5":{"name":"(anonymous_5)","decl":{"start":{"line":25,"column":2},"end":{"line":25,"column":17}},"loc":{"start":{"line":25,"column":30},"end":{"line":27,"column":3}}},"6":{"name":"(anonymous_6)","decl":{"start":{"line":29,"column":2},"end":{"line":29,"column":22}},"loc":{"start":{"line":29,"column":61},"end":{"line":31,"column":3}}},"7":{"name":"(anonymous_7)","decl":{"start":{"line":30,"column":30},"end":{"line":30,"column":31}},"loc":{"start":{"line":30,"column":49},"end":{"line":30,"column":72}}},"8":{"name":"(anonymous_8)","decl":{"start":{"line":33,"column":2},"end":{"line":33,"column":23}},"loc":{"start":{"line":33,"column":63},"end":{"line":35,"column":3}}},"9":{"name":"(anonymous_9)","decl":{"start":{"line":34,"column":36},"end":{"line":34,"column":43}},"loc":{"start":{"line":34,"column":47},"end":{"line":34,"column":64}}},"10":{"name":"(anonymous_10)","decl":{"start":{"line":37,"column":2},"end":{"line":37,"column":10}},"loc":{"start":{"line":37,"column":23},"end":{"line":39,"column":3}}},"11":{"name":"(anonymous_11)","decl":{"start":{"line":41,"column":2},"end":{"line":41,"column":16}},"loc":{"start":{"line":41,"column":49},"end":{"line":43,"column":3}}},"12":{"name":"(anonymous_12)","decl":{"start":{"line":42,"column":29},"end":{"line":42,"column":30}},"loc":{"start":{"line":42,"column":54},"end":{"line":42,"column":83}}}},"branchMap":{},"s":{"0":26,"1":26,"2":26,"3":26,"4":26,"5":26,"6":26,"7":23,"8":83,"9":23,"10":9,"11":10,"12":41,"13":32,"14":31,"15":9,"16":4,"17":3,"18":20,"19":4,"20":12,"21":12,"22":12},"f":{"0":26,"1":23,"2":83,"3":9,"4":10,"5":41,"6":32,"7":31,"8":9,"9":4,"10":3,"11":20,"12":4},"b":{}}
,"/home/runner/work/typedraft/typedraft/src/plug-in/draft-plugin-class.ts": {"path":"/home/runner/work/typedraft/typedraft/src/plug-in/draft-plugin-class.ts","statementMap":{"0":{"start":{"line":6,"column":4},"end":{"line":6,"column":37}},"1":{"start":{"line":10,"column":4},"end":{"line":10,"column":165}},"2":{"start":{"line":10,"column":63},"end":{"line":10,"column":163}},"3":{"start":{"line":10,"column":89},"end":{"line":10,"column":162}},"4":{"start":{"line":2,"column":0},"end":{"line":2,"column":13}}},"fnMap":{"0":{"name":"(anonymous_0)","decl":{"start":{"line":5,"column":2},"end":{"line":5,"column":14}},"loc":{"start":{"line":5,"column":39},"end":{"line":7,"column":3}}},"1":{"name":"(anonymous_1)","decl":{"start":{"line":9,"column":2},"end":{"line":9,"column":12}},"loc":{"start":{"line":9,"column":12},"end":{"line":11,"column":3}}},"2":{"name":"(anonymous_2)","decl":{"start":{"line":10,"column":38},"end":{"line":10,"column":39}},"loc":{"start":{"line":10,"column":63},"end":{"line":10,"column":163}}},"3":{"name":"(anonymous_3)","decl":{"start":{"line":10,"column":79},"end":{"line":10,"column":85}},"loc":{"start":{"line":10,"column":89},"end":{"line":10,"column":162}}}},"branchMap":{},"s":{"0":27,"1":10,"2":2,"3":3,"4":12},"f":{"0":27,"1":10,"2":2,"3":3},"b":{}}
,"/home/runner/work/typedraft/typedraft/src/plug-in/draft-plugin-dsl.ts": {"path":"/home/runner/work/typedraft/typedraft/src/plug-in/draft-plugin-dsl.ts","statementMap":{"0":{"start":{"line":8,"column":4},"end":{"line":8,"column":37}},"1":{"start":{"line":12,"column":23},"end":{"line":18,"column":5}},"2":{"start":{"line":13,"column":18},"end":{"line":13,"column":65}},"3":{"start":{"line":15,"column":6},"end":{"line":17,"column":null}},"4":{"start":{"line":16,"column":8},"end":{"line":16,"column":29}},"5":{"start":{"line":20,"column":4},"end":{"line":20,"column":57}},"6":{"start":{"line":21,"column":4},"end":{"line":21,"column":56}},"7":{"start":{"line":4,"column":0},"end":{"line":4,"column":13}}},"fnMap":{"0":{"name":"(anonymous_0)","decl":{"start":{"line":7,"column":2},"end":{"line":7,"column":14}},"loc":{"start":{"line":7,"column":39},"end":{"line":9,"column":3}}},"1":{"name":"(anonymous_1)","decl":{"start":{"line":11,"column":2},"end":{"line":11,"column":12}},"loc":{"start":{"line":11,"column":12},"end":{"line":22,"column":3}}},"2":{"name":"(anonymous_2)","decl":{"start":{"line":12,"column":23},"end":{"line":12,"column":24}},"loc":{"start":{"line":12,"column":65},"end":{"line":18,"column":5}}}},"branchMap":{"0":{"loc":{"start":{"line":15,"column":6},"end":{"line":17,"column":null}},"type":"if","locations":[{"start":{"line":15,"column":6},"end":{"line":17,"column":null}},{"start":{"line":15,"column":6},"end":{"line":17,"column":null}}]}},"s":{"0":26,"1":9,"2":10,"3":10,"4":9,"5":9,"6":9,"7":12},"f":{"0":26,"1":9,"2":10},"b":{"0":[9,1]}}
,"/home/runner/work/typedraft/typedraft/src/plug-in/draft-plugin-filter.ts": {"path":"/home/runner/work/typedraft/typedraft/src/plug-in/draft-plugin-filter.ts","statementMap":{"0":{"start":{"line":6,"column":4},"end":{"line":6,"column":37}},"1":{"start":{"line":10,"column":4},"end":{"line":10,"column":80}},"2":{"start":{"line":10,"column":55},"end":{"line":10,"column":78}},"3":{"start":{"line":11,"column":4},"end":{"line":11,"column":96}},"4":{"start":{"line":11,"column":49},"end":{"line":11,"column":94}},"5":{"start":{"line":11,"column":73},"end":{"line":11,"column":93}},"6":{"start":{"line":2,"column":0},"end":{"line":2,"column":13}}},"fnMap":{"0":{"name":"(anonymous_0)","decl":{"start":{"line":5,"column":2},"end":{"line":5,"column":14}},"loc":{"start":{"line":5,"column":39},"end":{"line":7,"column":3}}},"1":{"name":"(anonymous_1)","decl":{"start":{"line":9,"column":2},"end":{"line":9,"column":12}},"loc":{"start":{"line":9,"column":12},"end":{"line":12,"column":3}}},"2":{"name":"(anonymous_2)","decl":{"start":{"line":10,"column":44},"end":{"line":10,"column":51}},"loc":{"start":{"line":10,"column":55},"end":{"line":10,"column":78}}},"3":{"name":"(anonymous_3)","decl":{"start":{"line":11,"column":38},"end":{"line":11,"column":45}},"loc":{"start":{"line":11,"column":49},"end":{"line":11,"column":94}}},"4":{"name":"(anonymous_4)","decl":{"start":{"line":11,"column":65},"end":{"line":11,"column":69}},"loc":{"start":{"line":11,"column":73},"end":{"line":11,"column":93}}}},"branchMap":{},"s":{"0":27,"1":10,"2":8,"3":10,"4":2,"5":3,"6":12},"f":{"0":27,"1":10,"2":8,"3":2,"4":3},"b":{}}
,"/home/runner/work/typedraft/typedraft/src/plug-in/draft-plugin-inplace-context.ts": {"path":"/home/runner/work/typedraft/typedraft/src/plug-in/draft-plugin-inplace-context.ts","statementMap":{"0":{"start":{"line":4,"column":0},"end":{"line":4,"column":45}},"1":{"start":{"line":9,"column":4},"end":{"line":9,"column":37}},"2":{"start":{"line":13,"column":24},"end":{"line":13,"column":42}},"3":{"start":{"line":14,"column":4},"end":{"line":41,"column":7}},"4":{"start":{"line":16,"column":20},"end":{"line":16,"column":35}},"5":{"start":{"line":18,"column":8},"end":{"line":20,"column":null}},"6":{"start":{"line":19,"column":10},"end":{"line":19,"column":17}},"7":{"start":{"line":22,"column":24},"end":{"line":22,"column":66}},"8":{"start":{"line":23,"column":29},"end":{"line":23,"column":56}},"9":{"start":{"line":25,"column":8},"end":{"line":27,"column":null}},"10":{"start":{"line":26,"column":10},"end":{"line":26,"column":17}},"11":{"start":{"line":29,"column":24},"end":{"line":29,"column":100}},"12":{"start":{"line":30,"column":25},"end":{"line":30,"column":39}},"13":{"start":{"line":31,"column":20},"end":{"line":31,"column":54}},"14":{"start":{"line":33,"column":8},"end":{"line":35,"column":null}},"15":{"start":{"line":34,"column":10},"end":{"line":34,"column":17}},"16":{"start":{"line":37,"column":21},"end":{"line":37,"column":95}},"17":{"start":{"line":38,"column":8},"end":{"line":38,"column":73}},"18":{"start":{"line":5,"column":0},"end":{"line":5,"column":13}}},"fnMap":{"0":{"name":"(anonymous_0)","decl":{"start":{"line":8,"column":2},"end":{"line":8,"column":14}},"loc":{"start":{"line":8,"column":39},"end":{"line":10,"column":3}}},"1":{"name":"(anonymous_1)","decl":{"start":{"line":12,"column":2},"end":{"line":12,"column":12}},"loc":{"start":{"line":12,"column":12},"end":{"line":42,"column":3}}},"2":{"name":"(anonymous_2)","decl":{"start":{"line":15,"column":6},"end":{"line":15,"column":30}},"loc":{"start":{"line":15,"column":35},"end":{"line":39,"column":7}}}},"branchMap":{"0":{"loc":{"start":{"line":18,"column":8},"end":{"line":20,"column":null}},"type":"if","locations":[{"start":{"line":18,"column":8},"end":{"line":20,"column":null}},{"start":{"line":18,"column":8},"end":{"line":20,"column":null}}]},"1":{"loc":{"start":{"line":25,"column":8},"end":{"line":27,"column":null}},"type":"if","locations":[{"start":{"line":25,"column":8},"end":{"line":27,"column":null}},{"start":{"line":25,"column":8},"end":{"line":27,"column":null}}]},"2":{"loc":{"start":{"line":25,"column":12},"end":{"line":25,"column":37}},"type":"binary-expr","locations":[{"start":{"line":25,"column":12},"end":{"line":25,"column":37}},{"start":{"line":25,"column":41},"end":{"line":25,"column":60}}]},"3":{"loc":{"start":{"line":33,"column":8},"end":{"line":35,"column":null}},"type":"if","locations":[{"start":{"line":33,"column":8},"end":{"line":35,"column":null}},{"start":{"line":33,"column":8},"end":{"line":35,"column":null}}]},"4":{"loc":{"start":{"line":37,"column":47},"end":{"line":37,"column":90}},"type":"cond-expr","locations":[{"start":{"line":37,"column":47},"end":{"line":37,"column":90}},{"start":{"line":37,"column":93},"end":{"line":37,"column":95}}]}},"s":{"0":12,"1":31,"2":14,"3":14,"4":5,"5":5,"6":1,"7":4,"8":4,"9":4,"10":1,"11":3,"12":3,"13":3,"14":3,"15":1,"16":2,"17":2,"18":12},"f":{"0":31,"1":14,"2":5},"b":{"0":[1,4],"1":[1,3],"2":[4,3],"3":[1,2],"4":[1,1]}}
,"/home/runner/work/typedraft/typedraft/src/plug-in/draft-plugin-local-context.ts": {"path":"/home/runner/work/typedraft/typedraft/src/plug-in/draft-plugin-local-context.ts","statementMap":{"0":{"start":{"line":4,"column":0},"end":{"line":4,"column":37}},"1":{"start":{"line":32,"column":4},"end":{"line":32,"column":37}},"2":{"start":{"line":9,"column":26},"end":{"line":9,"column":47}},"3":{"start":{"line":10,"column":4},"end":{"line":13,"column":7}},"4":{"start":{"line":11,"column":22},"end":{"line":11,"column":62}},"5":{"start":{"line":12,"column":6},"end":{"line":12,"column":136}},"6":{"start":{"line":12,"column":37},"end":{"line":12,"column":134}},"7":{"start":{"line":12,"column":61},"end":{"line":12,"column":89}},"8":{"start":{"line":17,"column":18},"end":{"line":17,"column":20}},"9":{"start":{"line":18,"column":4},"end":{"line":26,"column":7}},"10":{"start":{"line":19,"column":6},"end":{"line":25,"column":9}},"11":{"start":{"line":20,"column":24},"end":{"line":20,"column":193}},"12":{"start":{"line":20,"column":48},"end":{"line":20,"column":137}},"13":{"start":{"line":22,"column":8},"end":{"line":24,"column":null}},"14":{"start":{"line":23,"column":10},"end":{"line":23,"column":50}},"15":{"start":{"line":27,"column":25},"end":{"line":27,"column":97}},"16":{"start":{"line":27,"column":56},"end":{"line":27,"column":96}},"17":{"start":{"line":28,"column":4},"end":{"line":28,"column":24}},"18":{"start":{"line":5,"column":0},"end":{"line":5,"column":13}},"19":{"start":{"line":36,"column":0},"end":{"line":36,"column":13}}},"fnMap":{"0":{"name":"(anonymous_0)","decl":{"start":{"line":31,"column":2},"end":{"line":31,"column":14}},"loc":{"start":{"line":31,"column":39},"end":{"line":33,"column":3}}},"1":{"name":"(anonymous_1)","decl":{"start":{"line":8,"column":2},"end":{"line":8,"column":12}},"loc":{"start":{"line":8,"column":12},"end":{"line":14,"column":3}}},"2":{"name":"(anonymous_2)","decl":{"start":{"line":10,"column":26},"end":{"line":10,"column":30}},"loc":{"start":{"line":10,"column":33},"end":{"line":13,"column":5}}},"3":{"name":"(anonymous_3)","decl":{"start":{"line":12,"column":29},"end":{"line":12,"column":33}},"loc":{"start":{"line":12,"column":37},"end":{"line":12,"column":134}}},"4":{"name":"(anonymous_4)","decl":{"start":{"line":12,"column":53},"end":{"line":12,"column":57}},"loc":{"start":{"line":12,"column":61},"end":{"line":12,"column":89}}},"5":{"name":"(anonymous_5)","decl":{"start":{"line":16,"column":2},"end":{"line":16,"column":16}},"loc":{"start":{"line":16,"column":16},"end":{"line":29,"column":3}}},"6":{"name":"(anonymous_6)","decl":{"start":{"line":18,"column":44},"end":{"line":18,"column":45}},"loc":{"start":{"line":18,"column":62},"end":{"line":26,"column":5}}},"7":{"name":"(anonymous_7)","decl":{"start":{"line":19,"column":29},"end":{"line":19,"column":33}},"loc":{"start":{"line":19,"column":36},"end":{"line":25,"column":7}}},"8":{"name":"(anonymous_8)","decl":{"start":{"line":20,"column":40},"end":{"line":20,"column":44}},"loc":{"start":{"line":20,"column":48},"end":{"line":20,"column":137}}},"9":{"name":"(anonymous_9)","decl":{"start":{"line":27,"column":48},"end":{"line":27,"column":52}},"loc":{"start":{"line":27,"column":56},"end":{"line":27,"column":96}}}},"branchMap":{"0":{"loc":{"start":{"line":20,"column":48},"end":{"line":20,"column":76}},"type":"binary-expr","locations":[{"start":{"line":20,"column":48},"end":{"line":20,"column":76}},{"start":{"line":20,"column":80},"end":{"line":20,"column":107}},{"start":{"line":20,"column":111},"end":{"line":20,"column":137}}]},"1":{"loc":{"start":{"line":22,"column":8},"end":{"line":24,"column":null}},"type":"if","locations":[{"start":{"line":22,"column":8},"end":{"line":24,"column":null}},{"start":{"line":22,"column":8},"end":{"line":24,"column":null}}]}},"s":{"0":12,"1":32,"2":13,"3":13,"4":15,"5":15,"6":16,"7":48,"8":13,"9":13,"10":17,"11":19,"12":99,"13":19,"14":19,"15":13,"16":26,"17":13,"18":12,"19":12},"f":{"0":32,"1":13,"2":15,"3":16,"4":48,"5":13,"6":17,"7":19,"8":99,"9":26},"b":{"0":[99,85,80],"1":[19,0]}}
,"/home/runner/work/typedraft/typedraft/src/plug-in/draft-plugin-refresh.ts": {"path":"/home/runner/work/typedraft/typedraft/src/plug-in/draft-plugin-refresh.ts","statementMap":{"0":{"start":{"line":2,"column":0},"end":{"line":2,"column":62}},"1":{"start":{"line":3,"column":0},"end":{"line":3,"column":51}},"2":{"start":{"line":4,"column":0},"end":{"line":4,"column":60}},"3":{"start":{"line":5,"column":0},"end":{"line":5,"column":62}},"4":{"start":{"line":31,"column":4},"end":{"line":31,"column":37}},"5":{"start":{"line":10,"column":4},"end":{"line":10,"column":42}},"6":{"start":{"line":11,"column":4},"end":{"line":11,"column":43}},"7":{"start":{"line":12,"column":4},"end":{"line":12,"column":44}},"8":{"start":{"line":13,"column":4},"end":{"line":13,"column":50}},"9":{"start":{"line":14,"column":18},"end":{"line":14,"column":55}},"10":{"start":{"line":15,"column":4},"end":{"line":27,"column":7}},"11":{"start":{"line":16,"column":6},"end":{"line":26,"column":null}},"12":{"start":{"line":17,"column":8},"end":{"line":17,"column":61}},"13":{"start":{"line":18,"column":13},"end":{"line":26,"column":null}},"14":{"start":{"line":19,"column":8},"end":{"line":19,"column":63}},"15":{"start":{"line":20,"column":13},"end":{"line":26,"column":null}},"16":{"start":{"line":21,"column":8},"end":{"line":21,"column":67}},"17":{"start":{"line":22,"column":13},"end":{"line":26,"column":null}},"18":{"start":{"line":23,"column":27},"end":{"line":23,"column":43}},"19":{"start":{"line":24,"column":21},"end":{"line":24,"column":76}},"20":{"start":{"line":25,"column":8},"end":{"line":25,"column":75}},"21":{"start":{"line":6,"column":0},"end":{"line":6,"column":13}}},"fnMap":{"0":{"name":"(anonymous_0)","decl":{"start":{"line":30,"column":2},"end":{"line":30,"column":14}},"loc":{"start":{"line":30,"column":39},"end":{"line":32,"column":3}}},"1":{"name":"(anonymous_1)","decl":{"start":{"line":9,"column":2},"end":{"line":9,"column":12}},"loc":{"start":{"line":9,"column":12},"end":{"line":28,"column":3}}},"2":{"name":"(anonymous_2)","decl":{"start":{"line":15,"column":18},"end":{"line":15,"column":22}},"loc":{"start":{"line":15,"column":25},"end":{"line":27,"column":5}}}},"branchMap":{"0":{"loc":{"start":{"line":16,"column":6},"end":{"line":26,"column":null}},"type":"if","locations":[{"start":{"line":16,"column":6},"end":{"line":26,"column":null}},{"start":{"line":16,"column":6},"end":{"line":26,"column":null}}]},"1":{"loc":{"start":{"line":18,"column":13},"end":{"line":26,"column":null}},"type":"if","locations":[{"start":{"line":18,"column":13},"end":{"line":26,"column":null}},{"start":{"line":18,"column":13},"end":{"line":26,"column":null}}]},"2":{"loc":{"start":{"line":20,"column":13},"end":{"line":26,"column":null}},"type":"if","locations":[{"start":{"line":20,"column":13},"end":{"line":26,"column":null}},{"start":{"line":20,"column":13},"end":{"line":26,"column":null}}]},"3":{"loc":{"start":{"line":22,"column":13},"end":{"line":26,"column":null}},"type":"if","locations":[{"start":{"line":22,"column":13},"end":{"line":26,"column":null}},{"start":{"line":22,"column":13},"end":{"line":26,"column":null}}]},"4":{"loc":{"start":{"line":24,"column":70},"end":{"line":24,"column":74}},"type":"cond-expr","locations":[{"start":{"line":24,"column":70},"end":{"line":24,"column":74}},{"start":{"line":24,"column":74},"end":{"line":24,"column":76}}]},"5":{"loc":{"start":{"line":24,"column":21},"end":{"line":24,"column":74}},"type":"binary-expr","locations":[{"start":{"line":24,"column":21},"end":{"line":24,"column":74}},{"start":{"line":24,"column":70},"end":{"line":24,"column":74}}]}},"s":{"0":12,"1":12,"2":12,"3":12,"4":61,"5":27,"6":27,"7":27,"8":27,"9":27,"10":27,"11":50,"12":5,"13":45,"14":29,"15":16,"16":4,"17":12,"18":12,"19":12,"20":12,"21":12},"f":{"0":61,"1":27,"2":50},"b":{"0":[5,45],"1":[29,16],"2":[4,12],"3":[12,0],"4":[2,10],"5":[12,12]}}
}
