{"/home/runner/work/typedraft/typedraft/src/index.ts": {"path":"/home/runner/work/typedraft/typedraft/src/index.ts","statementMap":{"0":{"start":{"line":1,"column":0},"end":{"line":1,"column":35}},"1":{"start":{"line":3,"column":0},"end":{"line":3,"column":43}},"2":{"start":{"line":4,"column":0},"end":{"line":4,"column":44}},"3":{"start":{"line":5,"column":0},"end":{"line":5,"column":45}},"4":{"start":{"line":6,"column":0},"end":{"line":6,"column":37}},"5":{"start":{"line":7,"column":0},"end":{"line":7,"column":37}},"6":{"start":{"line":9,"column":0},"end":{"line":9,"column":45}},"7":{"start":{"line":10,"column":0},"end":{"line":10,"column":43}},"8":{"start":{"line":11,"column":0},"end":{"line":11,"column":46}},"9":{"start":{"line":12,"column":0},"end":{"line":12,"column":53}},"10":{"start":{"line":13,"column":0},"end":{"line":13,"column":47}},"11":{"start":{"line":15,"column":0},"end":{"line":15,"column":33}},"12":{"start":{"line":20,"column":0},"end":{"line":20,"column":49}},"13":{"start":{"line":21,"column":0},"end":{"line":21,"column":68}},"14":{"start":{"line":22,"column":0},"end":{"line":22,"column":55}},"15":{"start":{"line":23,"column":0},"end":{"line":23,"column":74}},"16":{"start":{"line":24,"column":0},"end":{"line":24,"column":59}},"17":{"start":{"line":25,"column":0},"end":{"line":25,"column":61}},"18":{"start":{"line":28,"column":24},"end":{"line":28,"column":48}},"19":{"start":{"line":29,"column":4},"end":{"line":36,"column":6}},"20":{"start":{"line":37,"column":4},"end":{"line":37,"column":23}},"21":{"start":{"line":27,"column":0},"end":{"line":27,"column":16}}},"fnMap":{"0":{"name":"MakeDefaultTranscriber","decl":{"start":{"line":27,"column":16},"end":{"line":27,"column":38}},"loc":{"start":{"line":27,"column":54},"end":{"line":38,"column":1}}}},"branchMap":{},"s":{"0":11,"1":11,"2":11,"3":11,"4":11,"5":11,"6":11,"7":11,"8":11,"9":11,"10":11,"11":11,"12":11,"13":11,"14":11,"15":11,"16":11,"17":11,"18":16,"19":16,"20":16,"21":11},"f":{"0":16},"b":{}}
,"/home/runner/work/typedraft/typedraft/src/code-object/export-class.ts": {"path":"/home/runner/work/typedraft/typedraft/src/code-object/export-class.ts","statementMap":{"0":{"start":{"line":25,"column":4},"end":{"line":25,"column":23}},"1":{"start":{"line":5,"column":4},"end":{"line":5,"column":28}},"2":{"start":{"line":9,"column":4},"end":{"line":9,"column":57}},"3":{"start":{"line":13,"column":4},"end":{"line":13,"column":34}},"4":{"start":{"line":17,"column":4},"end":{"line":17,"column":44}},"5":{"start":{"line":21,"column":4},"end":{"line":21,"column":32}},"6":{"start":{"line":1,"column":0},"end":{"line":1,"column":13}}},"fnMap":{"0":{"name":"(anonymous_0)","decl":{"start":{"line":24,"column":2},"end":{"line":24,"column":14}},"loc":{"start":{"line":24,"column":52},"end":{"line":26,"column":3}}},"1":{"name":"(anonymous_1)","decl":{"start":{"line":4,"column":2},"end":{"line":4,"column":6}},"loc":{"start":{"line":4,"column":12},"end":{"line":6,"column":3}}},"2":{"name":"(anonymous_2)","decl":{"start":{"line":8,"column":2},"end":{"line":8,"column":6}},"loc":{"start":{"line":8,"column":13},"end":{"line":10,"column":3}}},"3":{"name":"(anonymous_3)","decl":{"start":{"line":12,"column":2},"end":{"line":12,"column":6}},"loc":{"start":{"line":12,"column":15},"end":{"line":14,"column":3}}},"4":{"name":"(anonymous_4)","decl":{"start":{"line":16,"column":2},"end":{"line":16,"column":6}},"loc":{"start":{"line":16,"column":12},"end":{"line":18,"column":3}}},"5":{"name":"(anonymous_5)","decl":{"start":{"line":20,"column":2},"end":{"line":20,"column":11}},"loc":{"start":{"line":20,"column":31},"end":{"line":22,"column":3}}}},"branchMap":{},"s":{"0":8,"1":11,"2":9,"3":4,"4":5,"5":4,"6":11},"f":{"0":8,"1":11,"2":9,"3":4,"4":5,"5":4},"b":{}}
,"/home/runner/work/typedraft/typedraft/src/code-object/inline-context.ts": {"path":"/home/runner/work/typedraft/typedraft/src/code-object/inline-context.ts","statementMap":{"0":{"start":{"line":13,"column":4},"end":{"line":13,"column":23}},"1":{"start":{"line":5,"column":4},"end":{"line":5,"column":20}},"2":{"start":{"line":9,"column":4},"end":{"line":9,"column":48}},"3":{"start":{"line":17,"column":4},"end":{"line":17,"column":28}},"4":{"start":{"line":21,"column":4},"end":{"line":21,"column":72}},"5":{"start":{"line":25,"column":23},"end":{"line":25,"column":71}},"6":{"start":{"line":27,"column":4},"end":{"line":29,"column":null}},"7":{"start":{"line":28,"column":6},"end":{"line":28,"column":16}},"8":{"start":{"line":31,"column":26},"end":{"line":31,"column":88}},"9":{"start":{"line":32,"column":4},"end":{"line":32,"column":20}},"10":{"start":{"line":1,"column":0},"end":{"line":1,"column":13}}},"fnMap":{"0":{"name":"(anonymous_0)","decl":{"start":{"line":12,"column":2},"end":{"line":12,"column":14}},"loc":{"start":{"line":12,"column":44},"end":{"line":14,"column":3}}},"1":{"name":"(anonymous_1)","decl":{"start":{"line":4,"column":2},"end":{"line":4,"column":6}},"loc":{"start":{"line":4,"column":10},"end":{"line":6,"column":3}}},"2":{"name":"(anonymous_2)","decl":{"start":{"line":8,"column":2},"end":{"line":8,"column":6}},"loc":{"start":{"line":8,"column":12},"end":{"line":10,"column":3}}},"3":{"name":"(anonymous_3)","decl":{"start":{"line":16,"column":2},"end":{"line":16,"column":14}},"loc":{"start":{"line":16,"column":14},"end":{"line":18,"column":3}}},"4":{"name":"(anonymous_4)","decl":{"start":{"line":20,"column":2},"end":{"line":20,"column":9}},"loc":{"start":{"line":20,"column":19},"end":{"line":22,"column":3}}},"5":{"name":"(anonymous_5)","decl":{"start":{"line":24,"column":2},"end":{"line":24,"column":16}},"loc":{"start":{"line":24,"column":16},"end":{"line":33,"column":3}}}},"branchMap":{"0":{"loc":{"start":{"line":27,"column":4},"end":{"line":29,"column":null}},"type":"if","locations":[{"start":{"line":27,"column":4},"end":{"line":29,"column":null}},{"start":{"line":27,"column":4},"end":{"line":29,"column":null}}]}},"s":{"0":3,"1":1,"2":3,"3":2,"4":1,"5":2,"6":2,"7":0,"8":2,"9":2,"10":11},"f":{"0":3,"1":1,"2":3,"3":2,"4":1,"5":2},"b":{"0":[0,2]}}
,"/home/runner/work/typedraft/typedraft/src/code-object/local-context.ts": {"path":"/home/runner/work/typedraft/typedraft/src/code-object/local-context.ts","statementMap":{"0":{"start":{"line":41,"column":4},"end":{"line":41,"column":29}},"1":{"start":{"line":5,"column":4},"end":{"line":5,"column":66}},"2":{"start":{"line":9,"column":4},"end":{"line":9,"column":28}},"3":{"start":{"line":13,"column":4},"end":{"line":13,"column":41}},"4":{"start":{"line":17,"column":4},"end":{"line":17,"column":31}},"5":{"start":{"line":21,"column":4},"end":{"line":21,"column":37}},"6":{"start":{"line":22,"column":4},"end":{"line":22,"column":77}},"7":{"start":{"line":26,"column":4},"end":{"line":26,"column":33}},"8":{"start":{"line":30,"column":24},"end":{"line":30,"column":51}},"9":{"start":{"line":32,"column":4},"end":{"line":35,"column":null}},"10":{"start":{"line":33,"column":31},"end":{"line":33,"column":63}},"11":{"start":{"line":34,"column":6},"end":{"line":34,"column":26}},"12":{"start":{"line":37,"column":4},"end":{"line":37,"column":14}},"13":{"start":{"line":1,"column":0},"end":{"line":1,"column":13}}},"fnMap":{"0":{"name":"(anonymous_0)","decl":{"start":{"line":40,"column":2},"end":{"line":40,"column":14}},"loc":{"start":{"line":40,"column":30},"end":{"line":42,"column":3}}},"1":{"name":"(anonymous_1)","decl":{"start":{"line":4,"column":2},"end":{"line":4,"column":6}},"loc":{"start":{"line":4,"column":12},"end":{"line":6,"column":3}}},"2":{"name":"(anonymous_2)","decl":{"start":{"line":8,"column":2},"end":{"line":8,"column":6}},"loc":{"start":{"line":8,"column":12},"end":{"line":10,"column":3}}},"3":{"name":"(anonymous_3)","decl":{"start":{"line":12,"column":2},"end":{"line":12,"column":6}},"loc":{"start":{"line":12,"column":12},"end":{"line":14,"column":3}}},"4":{"name":"(anonymous_4)","decl":{"start":{"line":16,"column":2},"end":{"line":16,"column":6}},"loc":{"start":{"line":16,"column":12},"end":{"line":18,"column":3}}},"5":{"name":"(anonymous_5)","decl":{"start":{"line":20,"column":2},"end":{"line":20,"column":9}},"loc":{"start":{"line":20,"column":19},"end":{"line":23,"column":3}}},"6":{"name":"(anonymous_6)","decl":{"start":{"line":25,"column":2},"end":{"line":25,"column":14}},"loc":{"start":{"line":25,"column":14},"end":{"line":27,"column":3}}},"7":{"name":"(anonymous_7)","decl":{"start":{"line":29,"column":2},"end":{"line":29,"column":16}},"loc":{"start":{"line":29,"column":16},"end":{"line":38,"column":3}}}},"branchMap":{"0":{"loc":{"start":{"line":32,"column":4},"end":{"line":35,"column":null}},"type":"if","locations":[{"start":{"line":32,"column":4},"end":{"line":35,"column":null}},{"start":{"line":32,"column":4},"end":{"line":35,"column":null}}]}},"s":{"0":31,"1":77,"2":65,"3":30,"4":27,"5":5,"6":5,"7":21,"8":7,"9":7,"10":6,"11":6,"12":1,"13":11},"f":{"0":31,"1":77,"2":65,"3":30,"4":27,"5":5,"6":21,"7":7},"b":{"0":[6,1]}}
,"/home/runner/work/typedraft/typedraft/src/code-object/method.ts": {"path":"/home/runner/work/typedraft/typedraft/src/code-object/method.ts","statementMap":{"0":{"start":{"line":37,"column":4},"end":{"line":37,"column":23}},"1":{"start":{"line":5,"column":4},"end":{"line":5,"column":28}},"2":{"start":{"line":9,"column":4},"end":{"line":9,"column":50}},"3":{"start":{"line":13,"column":4},"end":{"line":13,"column":59}},"4":{"start":{"line":17,"column":4},"end":{"line":17,"column":56}},"5":{"start":{"line":21,"column":4},"end":{"line":21,"column":67}},"6":{"start":{"line":29,"column":8},"end":{"line":29,"column":20}},"7":{"start":{"line":30,"column":19},"end":{"line":30,"column":91}},"8":{"start":{"line":30,"column":46},"end":{"line":30,"column":90}},"9":{"start":{"line":31,"column":17},"end":{"line":31,"column":69}},"10":{"start":{"line":32,"column":25},"end":{"line":32,"column":60}},"11":{"start":{"line":33,"column":4},"end":{"line":33,"column":24}},"12":{"start":{"line":1,"column":0},"end":{"line":1,"column":13}},"13":{"start":{"line":41,"column":0},"end":{"line":41,"column":156}}},"fnMap":{"0":{"name":"(anonymous_0)","decl":{"start":{"line":36,"column":2},"end":{"line":36,"column":14}},"loc":{"start":{"line":36,"column":49},"end":{"line":38,"column":3}}},"1":{"name":"(anonymous_1)","decl":{"start":{"line":4,"column":2},"end":{"line":4,"column":6}},"loc":{"start":{"line":4,"column":12},"end":{"line":6,"column":3}}},"2":{"name":"(anonymous_2)","decl":{"start":{"line":8,"column":2},"end":{"line":8,"column":6}},"loc":{"start":{"line":8,"column":12},"end":{"line":10,"column":3}}},"3":{"name":"(anonymous_3)","decl":{"start":{"line":12,"column":2},"end":{"line":12,"column":6}},"loc":{"start":{"line":12,"column":13},"end":{"line":14,"column":3}}},"4":{"name":"(anonymous_4)","decl":{"start":{"line":16,"column":2},"end":{"line":16,"column":6}},"loc":{"start":{"line":16,"column":18},"end":{"line":18,"column":3}}},"5":{"name":"(anonymous_5)","decl":{"start":{"line":20,"column":2},"end":{"line":20,"column":6}},"loc":{"start":{"line":20,"column":17},"end":{"line":22,"column":3}}},"6":{"name":"(anonymous_6)","decl":{"start":{"line":24,"column":2},"end":{"line":24,"column":15}},"loc":{"start":{"line":24,"column":15},"end":{"line":34,"column":3}}},"7":{"name":"(anonymous_7)","decl":{"start":{"line":30,"column":37},"end":{"line":30,"column":42}},"loc":{"start":{"line":30,"column":46},"end":{"line":30,"column":90}}}},"branchMap":{"0":{"loc":{"start":{"line":30,"column":46},"end":{"line":30,"column":65}},"type":"binary-expr","locations":[{"start":{"line":30,"column":46},"end":{"line":30,"column":65}},{"start":{"line":30,"column":69},"end":{"line":30,"column":90}}]},"1":{"loc":{"start":{"line":31,"column":45},"end":{"line":31,"column":58}},"type":"cond-expr","locations":[{"start":{"line":31,"column":45},"end":{"line":31,"column":58}},{"start":{"line":31,"column":61},"end":{"line":31,"column":69}}]}},"s":{"0":16,"1":18,"2":13,"3":5,"4":18,"5":13,"6":5,"7":5,"8":12,"9":5,"10":5,"11":5,"12":11,"13":11},"f":{"0":16,"1":18,"2":13,"3":5,"4":18,"5":13,"6":5,"7":12},"b":{"0":[12,12],"1":[1,4]}}
,"/home/runner/work/typedraft/typedraft/src/code-object/module.ts": {"path":"/home/runner/work/typedraft/typedraft/src/code-object/module.ts","statementMap":{"0":{"start":{"line":45,"column":4},"end":{"line":45,"column":31}},"1":{"start":{"line":6,"column":4},"end":{"line":6,"column":48}},"2":{"start":{"line":7,"column":23},"end":{"line":7,"column":25}},"3":{"start":{"line":8,"column":4},"end":{"line":29,"column":7}},"4":{"start":{"line":12,"column":8},"end":{"line":12,"column":35}},"5":{"start":{"line":16,"column":27},"end":{"line":16,"column":49}},"6":{"start":{"line":18,"column":8},"end":{"line":24,"column":null}},"7":{"start":{"line":19,"column":26},"end":{"line":19,"column":54}},"8":{"start":{"line":21,"column":10},"end":{"line":23,"column":null}},"9":{"start":{"line":22,"column":12},"end":{"line":22,"column":59}},"10":{"start":{"line":30,"column":4},"end":{"line":40,"column":7}},"11":{"start":{"line":31,"column":6},"end":{"line":39,"column":null}},"12":{"start":{"line":32,"column":8},"end":{"line":32,"column":22}},"13":{"start":{"line":33,"column":13},"end":{"line":39,"column":null}},"14":{"start":{"line":34,"column":8},"end":{"line":34,"column":46}},"15":{"start":{"line":35,"column":13},"end":{"line":39,"column":null}},"16":{"start":{"line":36,"column":8},"end":{"line":36,"column":41}},"17":{"start":{"line":37,"column":13},"end":{"line":39,"column":null}},"18":{"start":{"line":38,"column":8},"end":{"line":38,"column":86}},"19":{"start":{"line":41,"column":4},"end":{"line":41,"column":17}},"20":{"start":{"line":1,"column":0},"end":{"line":1,"column":13}},"21":{"start":{"line":51,"column":2},"end":{"line":53,"column":null}},"22":{"start":{"line":52,"column":4},"end":{"line":52,"column":17}},"23":{"start":{"line":55,"column":23},"end":{"line":55,"column":65}},"24":{"start":{"line":56,"column":2},"end":{"line":56,"column":42}},"25":{"start":{"line":50,"column":0},"end":{"line":50,"column":16}},"26":{"start":{"line":59,"column":2},"end":{"line":61,"column":null}},"27":{"start":{"line":60,"column":4},"end":{"line":60,"column":17}},"28":{"start":{"line":63,"column":22},"end":{"line":63,"column":63}},"29":{"start":{"line":65,"column":2},"end":{"line":67,"column":null}},"30":{"start":{"line":66,"column":4},"end":{"line":66,"column":17}},"31":{"start":{"line":69,"column":16},"end":{"line":69,"column":57}},"32":{"start":{"line":70,"column":17},"end":{"line":70,"column":59}},"33":{"start":{"line":71,"column":2},"end":{"line":71,"column":61}},"34":{"start":{"line":58,"column":0},"end":{"line":58,"column":16}},"35":{"start":{"line":74,"column":2},"end":{"line":76,"column":null}},"36":{"start":{"line":75,"column":4},"end":{"line":75,"column":17}},"37":{"start":{"line":78,"column":32},"end":{"line":78,"column":57}},"38":{"start":{"line":79,"column":22},"end":{"line":79,"column":40}},"39":{"start":{"line":80,"column":15},"end":{"line":80,"column":32}},"40":{"start":{"line":81,"column":18},"end":{"line":81,"column":52}},"41":{"start":{"line":82,"column":27},"end":{"line":86,"column":4}},"42":{"start":{"line":83,"column":21},"end":{"line":83,"column":67}},"43":{"start":{"line":84,"column":27},"end":{"line":84,"column":94}},"44":{"start":{"line":85,"column":4},"end":{"line":85,"column":74}},"45":{"start":{"line":87,"column":2},"end":{"line":87,"column":26}},"46":{"start":{"line":73,"column":0},"end":{"line":73,"column":16}},"47":{"start":{"line":90,"column":0},"end":{"line":90,"column":49}},"48":{"start":{"line":91,"column":0},"end":{"line":91,"column":38}},"49":{"start":{"line":92,"column":0},"end":{"line":92,"column":47}},"50":{"start":{"line":93,"column":0},"end":{"line":93,"column":53}},"51":{"start":{"line":94,"column":0},"end":{"line":94,"column":59}},"52":{"start":{"line":95,"column":0},"end":{"line":95,"column":49}}},"fnMap":{"0":{"name":"(anonymous_0)","decl":{"start":{"line":44,"column":2},"end":{"line":44,"column":14}},"loc":{"start":{"line":44,"column":26},"end":{"line":46,"column":3}}},"1":{"name":"(anonymous_1)","decl":{"start":{"line":5,"column":2},"end":{"line":5,"column":9}},"loc":{"start":{"line":5,"column":9},"end":{"line":42,"column":3}}},"2":{"name":"(anonymous_2)","decl":{"start":{"line":11,"column":6},"end":{"line":11,"column":13}},"loc":{"start":{"line":11,"column":18},"end":{"line":13,"column":7}}},"3":{"name":"(anonymous_3)","decl":{"start":{"line":15,"column":6},"end":{"line":15,"column":25}},"loc":{"start":{"line":15,"column":30},"end":{"line":25,"column":7}}},"4":{"name":"(anonymous_4)","decl":{"start":{"line":30,"column":36},"end":{"line":30,"column":40}},"loc":{"start":{"line":30,"column":43},"end":{"line":40,"column":5}}},"5":{"name":"IsExportClassCode","decl":{"start":{"line":50,"column":16},"end":{"line":50,"column":33}},"loc":{"start":{"line":50,"column":53},"end":{"line":57,"column":1}}},"6":{"name":"IsMethodCode","decl":{"start":{"line":58,"column":16},"end":{"line":58,"column":28}},"loc":{"start":{"line":58,"column":48},"end":{"line":72,"column":1}}},"7":{"name":"IsLocalContext","decl":{"start":{"line":73,"column":16},"end":{"line":73,"column":30}},"loc":{"start":{"line":73,"column":50},"end":{"line":88,"column":1}}},"8":{"name":"(anonymous_8)","decl":{"start":{"line":82,"column":55},"end":{"line":82,"column":59}},"loc":{"start":{"line":82,"column":62},"end":{"line":86,"column":3}}}},"branchMap":{"0":{"loc":{"start":{"line":18,"column":8},"end":{"line":24,"column":null}},"type":"if","locations":[{"start":{"line":18,"column":8},"end":{"line":24,"column":null}},{"start":{"line":18,"column":8},"end":{"line":24,"column":null}}]},"1":{"loc":{"start":{"line":21,"column":10},"end":{"line":23,"column":null}},"type":"if","locations":[{"start":{"line":21,"column":10},"end":{"line":23,"column":null}},{"start":{"line":21,"column":10},"end":{"line":23,"column":null}}]},"2":{"loc":{"start":{"line":21,"column":14},"end":{"line":21,"column":39}},"type":"binary-expr","locations":[{"start":{"line":21,"column":14},"end":{"line":21,"column":39}},{"start":{"line":21,"column":43},"end":{"line":21,"column":77}}]},"3":{"loc":{"start":{"line":31,"column":6},"end":{"line":39,"column":null}},"type":"if","locations":[{"start":{"line":31,"column":6},"end":{"line":39,"column":null}},{"start":{"line":31,"column":6},"end":{"line":39,"column":null}}]},"4":{"loc":{"start":{"line":33,"column":13},"end":{"line":39,"column":null}},"type":"if","locations":[{"start":{"line":33,"column":13},"end":{"line":39,"column":null}},{"start":{"line":33,"column":13},"end":{"line":39,"column":null}}]},"5":{"loc":{"start":{"line":35,"column":13},"end":{"line":39,"column":null}},"type":"if","locations":[{"start":{"line":35,"column":13},"end":{"line":39,"column":null}},{"start":{"line":35,"column":13},"end":{"line":39,"column":null}}]},"6":{"loc":{"start":{"line":37,"column":13},"end":{"line":39,"column":null}},"type":"if","locations":[{"start":{"line":37,"column":13},"end":{"line":39,"column":null}},{"start":{"line":37,"column":13},"end":{"line":39,"column":null}}]},"7":{"loc":{"start":{"line":51,"column":2},"end":{"line":53,"column":null}},"type":"if","locations":[{"start":{"line":51,"column":2},"end":{"line":53,"column":null}},{"start":{"line":51,"column":2},"end":{"line":53,"column":null}}]},"8":{"loc":{"start":{"line":59,"column":2},"end":{"line":61,"column":null}},"type":"if","locations":[{"start":{"line":59,"column":2},"end":{"line":61,"column":null}},{"start":{"line":59,"column":2},"end":{"line":61,"column":null}}]},"9":{"loc":{"start":{"line":65,"column":2},"end":{"line":67,"column":null}},"type":"if","locations":[{"start":{"line":65,"column":2},"end":{"line":67,"column":null}},{"start":{"line":65,"column":2},"end":{"line":67,"column":null}}]},"10":{"loc":{"start":{"line":71,"column":9},"end":{"line":71,"column":28}},"type":"binary-expr","locations":[{"start":{"line":71,"column":9},"end":{"line":71,"column":28}},{"start":{"line":71,"column":32},"end":{"line":71,"column":60}}]},"11":{"loc":{"start":{"line":74,"column":2},"end":{"line":76,"column":null}},"type":"if","locations":[{"start":{"line":74,"column":2},"end":{"line":76,"column":null}},{"start":{"line":74,"column":2},"end":{"line":76,"column":null}}]},"12":{"loc":{"start":{"line":83,"column":51},"end":{"line":83,"column":53}},"type":"cond-expr","locations":[{"start":{"line":83,"column":51},"end":{"line":83,"column":53}},{"start":{"line":83,"column":51},"end":{"line":83,"column":67}}]},"13":{"loc":{"start":{"line":83,"column":21},"end":{"line":83,"column":53}},"type":"binary-expr","locations":[{"start":{"line":83,"column":21},"end":{"line":83,"column":53}},{"start":{"line":83,"column":51},"end":{"line":83,"column":53}}]},"14":{"loc":{"start":{"line":83,"column":39},"end":{"line":83,"column":41}},"type":"cond-expr","locations":[{"start":{"line":83,"column":39},"end":{"line":83,"column":41}},{"start":{"line":83,"column":39},"end":{"line":83,"column":51}}]},"15":{"loc":{"start":{"line":83,"column":21},"end":{"line":83,"column":41}},"type":"binary-expr","locations":[{"start":{"line":83,"column":21},"end":{"line":83,"column":41}},{"start":{"line":83,"column":39},"end":{"line":83,"column":41}}]},"16":{"loc":{"start":{"line":84,"column":69},"end":{"line":84,"column":71}},"type":"cond-expr","locations":[{"start":{"line":84,"column":69},"end":{"line":84,"column":71}},{"start":{"line":84,"column":69},"end":{"line":84,"column":94}}]},"17":{"loc":{"start":{"line":84,"column":27},"end":{"line":84,"column":71}},"type":"binary-expr","locations":[{"start":{"line":84,"column":27},"end":{"line":84,"column":71}},{"start":{"line":84,"column":69},"end":{"line":84,"column":71}}]},"18":{"loc":{"start":{"line":84,"column":57},"end":{"line":84,"column":59}},"type":"cond-expr","locations":[{"start":{"line":84,"column":57},"end":{"line":84,"column":59}},{"start":{"line":84,"column":57},"end":{"line":84,"column":69}}]},"19":{"loc":{"start":{"line":84,"column":27},"end":{"line":84,"column":59}},"type":"binary-expr","locations":[{"start":{"line":84,"column":27},"end":{"line":84,"column":59}},{"start":{"line":84,"column":57},"end":{"line":84,"column":59}}]},"20":{"loc":{"start":{"line":84,"column":45},"end":{"line":84,"column":47}},"type":"cond-expr","locations":[{"start":{"line":84,"column":45},"end":{"line":84,"column":47}},{"start":{"line":84,"column":45},"end":{"line":84,"column":57}}]},"21":{"loc":{"start":{"line":84,"column":27},"end":{"line":84,"column":47}},"type":"binary-expr","locations":[{"start":{"line":84,"column":27},"end":{"line":84,"column":47}},{"start":{"line":84,"column":45},"end":{"line":84,"column":47}}]},"22":{"loc":{"start":{"line":85,"column":11},"end":{"line":85,"column":22}},"type":"binary-expr","locations":[{"start":{"line":85,"column":11},"end":{"line":85,"column":22}},{"start":{"line":85,"column":26},"end":{"line":85,"column":37}},{"start":{"line":85,"column":41},"end":{"line":85,"column":52}},{"start":{"line":85,"column":56},"end":{"line":85,"column":73}}]}},"s":{"0":18,"1":23,"2":23,"3":23,"4":23,"5":86,"6":86,"7":1,"8":1,"9":1,"10":23,"11":81,"12":15,"13":66,"14":7,"15":59,"16":14,"17":45,"18":28,"19":23,"20":11,"21":66,"22":47,"23":19,"24":19,"25":11,"26":59,"27":43,"28":16,"29":16,"30":2,"31":14,"32":14,"33":14,"34":11,"35":45,"36":14,"37":31,"38":31,"39":31,"40":31,"41":31,"42":30,"43":30,"44":30,"45":31,"46":11,"47":11,"48":11,"49":11,"50":11,"51":11,"52":11},"f":{"0":18,"1":23,"2":23,"3":86,"4":81,"5":66,"6":59,"7":45,"8":30},"b":{"0":[1,85],"1":[1,0],"2":[1,1],"3":[15,66],"4":[7,59],"5":[14,45],"6":[28,17],"7":[47,19],"8":[43,16],"9":[2,14],"10":[14,14],"11":[14,31],"12":[0,30],"13":[30,30],"14":[0,30],"15":[30,30],"16":[0,30],"17":[30,30],"18":[0,30],"19":[30,30],"20":[0,30],"21":[30,30],"22":[30,5,25,24]}}
,"/home/runner/work/typedraft/typedraft/src/common/utility.ts": {"path":"/home/runner/work/typedraft/typedraft/src/common/utility.ts","statementMap":{"0":{"start":{"line":1,"column":0},"end":{"line":1,"column":39}},"1":{"start":{"line":3,"column":0},"end":{"line":3,"column":43}},"2":{"start":{"line":4,"column":0},"end":{"line":4,"column":71}},"3":{"start":{"line":5,"column":0},"end":{"line":5,"column":38}},"4":{"start":{"line":6,"column":0},"end":{"line":6,"column":62}},"5":{"start":{"line":9,"column":4},"end":{"line":9,"column":84}},"6":{"start":{"line":8,"column":0},"end":{"line":8,"column":16}},"7":{"start":{"line":13,"column":17},"end":{"line":13,"column":44}},"8":{"start":{"line":14,"column":4},"end":{"line":14,"column":46}},"9":{"start":{"line":15,"column":4},"end":{"line":15,"column":16}},"10":{"start":{"line":12,"column":0},"end":{"line":12,"column":16}},"11":{"start":{"line":22,"column":20},"end":{"line":28,"column":6}},"12":{"start":{"line":29,"column":4},"end":{"line":29,"column":19}},"13":{"start":{"line":21,"column":0},"end":{"line":21,"column":16}},"14":{"start":{"line":35,"column":17},"end":{"line":35,"column":58}},"15":{"start":{"line":36,"column":4},"end":{"line":39,"column":7}},"16":{"start":{"line":32,"column":0},"end":{"line":32,"column":16}},"17":{"start":{"line":43,"column":4},"end":{"line":43,"column":46}},"18":{"start":{"line":42,"column":0},"end":{"line":42,"column":16}}},"fnMap":{"0":{"name":"ToAst","decl":{"start":{"line":8,"column":16},"end":{"line":8,"column":21}},"loc":{"start":{"line":8,"column":43},"end":{"line":10,"column":1}}},"1":{"name":"ToNodePath","decl":{"start":{"line":12,"column":16},"end":{"line":12,"column":26}},"loc":{"start":{"line":12,"column":48},"end":{"line":16,"column":1}}},"2":{"name":"ToBinding","decl":{"start":{"line":21,"column":16},"end":{"line":21,"column":25}},"loc":{"start":{"line":21,"column":38},"end":{"line":30,"column":1}}},"3":{"name":"ToFile","decl":{"start":{"line":32,"column":16},"end":{"line":32,"column":22}},"loc":{"start":{"line":32,"column":34},"end":{"line":40,"column":1}}},"4":{"name":"ToString","decl":{"start":{"line":42,"column":16},"end":{"line":42,"column":24}},"loc":{"start":{"line":42,"column":63},"end":{"line":44,"column":1}}}},"branchMap":{"0":{"loc":{"start":{"line":43,"column":26},"end":{"line":43,"column":33}},"type":"binary-expr","locations":[{"start":{"line":43,"column":26},"end":{"line":43,"column":33}},{"start":{"line":43,"column":37},"end":{"line":43,"column":39}}]}},"s":{"0":11,"1":11,"2":11,"3":11,"4":11,"5":12,"6":11,"7":8,"8":8,"9":8,"10":11,"11":3,"12":3,"13":11,"14":41,"15":41,"16":11,"17":41,"18":11},"f":{"0":12,"1":8,"2":3,"3":41,"4":41},"b":{"0":[41,26]}}
,"/home/runner/work/typedraft/typedraft/src/core/transcriber.ts": {"path":"/home/runner/work/typedraft/typedraft/src/core/transcriber.ts","statementMap":{"0":{"start":{"line":50,"column":4},"end":{"line":50,"column":44}},"1":{"start":{"line":51,"column":4},"end":{"line":51,"column":57}},"2":{"start":{"line":52,"column":4},"end":{"line":52,"column":60}},"3":{"start":{"line":53,"column":4},"end":{"line":53,"column":56}},"4":{"start":{"line":54,"column":4},"end":{"line":54,"column":63}},"5":{"start":{"line":55,"column":4},"end":{"line":55,"column":44}},"6":{"start":{"line":56,"column":4},"end":{"line":56,"column":23}},"7":{"start":{"line":57,"column":4},"end":{"line":57,"column":26}},"8":{"start":{"line":11,"column":4},"end":{"line":11,"column":58}},"9":{"start":{"line":11,"column":37},"end":{"line":11,"column":56}},"10":{"start":{"line":12,"column":4},"end":{"line":14,"column":7}},"11":{"start":{"line":20,"column":4},"end":{"line":20,"column":33}},"12":{"start":{"line":24,"column":4},"end":{"line":24,"column":35}},"13":{"start":{"line":30,"column":4},"end":{"line":30,"column":39}},"14":{"start":{"line":34,"column":4},"end":{"line":34,"column":74}},"15":{"start":{"line":34,"column":49},"end":{"line":34,"column":72}},"16":{"start":{"line":38,"column":4},"end":{"line":38,"column":66}},"17":{"start":{"line":38,"column":47},"end":{"line":38,"column":64}},"18":{"start":{"line":42,"column":4},"end":{"line":42,"column":37}},"19":{"start":{"line":46,"column":4},"end":{"line":46,"column":85}},"20":{"start":{"line":46,"column":54},"end":{"line":46,"column":83}},"21":{"start":{"line":1,"column":0},"end":{"line":1,"column":13}},"22":{"start":{"line":88,"column":0},"end":{"line":88,"column":45}},"23":{"start":{"line":89,"column":0},"end":{"line":89,"column":51}}},"fnMap":{"0":{"name":"(anonymous_0)","decl":{"start":{"line":49,"column":2},"end":{"line":49,"column":14}},"loc":{"start":{"line":49,"column":29},"end":{"line":58,"column":3}}},"1":{"name":"(anonymous_1)","decl":{"start":{"line":10,"column":2},"end":{"line":10,"column":12}},"loc":{"start":{"line":10,"column":12},"end":{"line":15,"column":3}}},"2":{"name":"(anonymous_2)","decl":{"start":{"line":11,"column":27},"end":{"line":11,"column":33}},"loc":{"start":{"line":11,"column":37},"end":{"line":11,"column":56}}},"3":{"name":"(anonymous_3)","decl":{"start":{"line":17,"column":2},"end":{"line":17,"column":16}},"loc":{"start":{"line":17,"column":16},"end":{"line":17,"column":21}}},"4":{"name":"(anonymous_4)","decl":{"start":{"line":19,"column":2},"end":{"line":19,"column":8}},"loc":{"start":{"line":19,"column":32},"end":{"line":21,"column":3}}},"5":{"name":"(anonymous_5)","decl":{"start":{"line":23,"column":2},"end":{"line":23,"column":8}},"loc":{"start":{"line":23,"column":21},"end":{"line":25,"column":3}}},"6":{"name":"(anonymous_6)","decl":{"start":{"line":27,"column":2},"end":{"line":27,"column":13}},"loc":{"start":{"line":27,"column":13},"end":{"line":27,"column":18}}},"7":{"name":"(anonymous_7)","decl":{"start":{"line":29,"column":2},"end":{"line":29,"column":17}},"loc":{"start":{"line":29,"column":30},"end":{"line":31,"column":3}}},"8":{"name":"(anonymous_8)","decl":{"start":{"line":33,"column":2},"end":{"line":33,"column":22}},"loc":{"start":{"line":33,"column":61},"end":{"line":35,"column":3}}},"9":{"name":"(anonymous_9)","decl":{"start":{"line":34,"column":30},"end":{"line":34,"column":31}},"loc":{"start":{"line":34,"column":49},"end":{"line":34,"column":72}}},"10":{"name":"(anonymous_10)","decl":{"start":{"line":37,"column":2},"end":{"line":37,"column":23}},"loc":{"start":{"line":37,"column":63},"end":{"line":39,"column":3}}},"11":{"name":"(anonymous_11)","decl":{"start":{"line":38,"column":36},"end":{"line":38,"column":43}},"loc":{"start":{"line":38,"column":47},"end":{"line":38,"column":64}}},"12":{"name":"(anonymous_12)","decl":{"start":{"line":41,"column":2},"end":{"line":41,"column":10}},"loc":{"start":{"line":41,"column":23},"end":{"line":43,"column":3}}},"13":{"name":"(anonymous_13)","decl":{"start":{"line":45,"column":2},"end":{"line":45,"column":16}},"loc":{"start":{"line":45,"column":49},"end":{"line":47,"column":3}}},"14":{"name":"(anonymous_14)","decl":{"start":{"line":46,"column":29},"end":{"line":46,"column":30}},"loc":{"start":{"line":46,"column":54},"end":{"line":46,"column":83}}}},"branchMap":{},"s":{"0":16,"1":16,"2":16,"3":16,"4":16,"5":16,"6":16,"7":16,"8":15,"9":51,"10":15,"11":6,"12":6,"13":38,"14":23,"15":28,"16":6,"17":1,"18":2,"19":14,"20":4,"21":11,"22":11,"23":11},"f":{"0":16,"1":15,"2":51,"3":16,"4":6,"5":6,"6":16,"7":38,"8":23,"9":28,"10":6,"11":1,"12":2,"13":14,"14":4},"b":{}}
,"/home/runner/work/typedraft/typedraft/src/plug-in/draft-plugin-class.ts": {"path":"/home/runner/work/typedraft/typedraft/src/plug-in/draft-plugin-class.ts","statementMap":{"0":{"start":{"line":6,"column":4},"end":{"line":6,"column":37}},"1":{"start":{"line":10,"column":24},"end":{"line":10,"column":42}},"2":{"start":{"line":11,"column":4},"end":{"line":17,"column":7}},"3":{"start":{"line":12,"column":27},"end":{"line":12,"column":59}},"4":{"start":{"line":14,"column":6},"end":{"line":16,"column":null}},"5":{"start":{"line":15,"column":8},"end":{"line":15,"column":82}},"6":{"start":{"line":15,"column":34},"end":{"line":15,"column":80}},"7":{"start":{"line":2,"column":0},"end":{"line":2,"column":13}}},"fnMap":{"0":{"name":"(anonymous_0)","decl":{"start":{"line":5,"column":2},"end":{"line":5,"column":14}},"loc":{"start":{"line":5,"column":39},"end":{"line":7,"column":3}}},"1":{"name":"(anonymous_1)","decl":{"start":{"line":9,"column":2},"end":{"line":9,"column":12}},"loc":{"start":{"line":9,"column":12},"end":{"line":18,"column":3}}},"2":{"name":"(anonymous_2)","decl":{"start":{"line":11,"column":31},"end":{"line":11,"column":32}},"loc":{"start":{"line":11,"column":55},"end":{"line":17,"column":5}}},"3":{"name":"(anonymous_3)","decl":{"start":{"line":15,"column":24},"end":{"line":15,"column":30}},"loc":{"start":{"line":15,"column":34},"end":{"line":15,"column":80}}}},"branchMap":{"0":{"loc":{"start":{"line":14,"column":6},"end":{"line":16,"column":null}},"type":"if","locations":[{"start":{"line":14,"column":6},"end":{"line":16,"column":null}},{"start":{"line":14,"column":6},"end":{"line":16,"column":null}}]}},"s":{"0":17,"1":7,"2":7,"3":2,"4":2,"5":2,"6":3,"7":11},"f":{"0":17,"1":7,"2":2,"3":3},"b":{"0":[2,0]}}
,"/home/runner/work/typedraft/typedraft/src/plug-in/draft-plugin-dsl.ts": {"path":"/home/runner/work/typedraft/typedraft/src/plug-in/draft-plugin-dsl.ts","statementMap":{"0":{"start":{"line":6,"column":4},"end":{"line":6,"column":37}},"1":{"start":{"line":10,"column":4},"end":{"line":17,"column":7}},"2":{"start":{"line":11,"column":27},"end":{"line":11,"column":51}},"3":{"start":{"line":12,"column":18},"end":{"line":12,"column":57}},"4":{"start":{"line":14,"column":6},"end":{"line":16,"column":null}},"5":{"start":{"line":15,"column":8},"end":{"line":15,"column":29}},"6":{"start":{"line":18,"column":4},"end":{"line":25,"column":7}},"7":{"start":{"line":19,"column":27},"end":{"line":19,"column":51}},"8":{"start":{"line":20,"column":18},"end":{"line":20,"column":57}},"9":{"start":{"line":22,"column":6},"end":{"line":24,"column":null}},"10":{"start":{"line":23,"column":8},"end":{"line":23,"column":29}},"11":{"start":{"line":2,"column":0},"end":{"line":2,"column":13}}},"fnMap":{"0":{"name":"(anonymous_0)","decl":{"start":{"line":5,"column":2},"end":{"line":5,"column":14}},"loc":{"start":{"line":5,"column":39},"end":{"line":7,"column":3}}},"1":{"name":"(anonymous_1)","decl":{"start":{"line":9,"column":2},"end":{"line":9,"column":12}},"loc":{"start":{"line":9,"column":12},"end":{"line":26,"column":3}}},"2":{"name":"(anonymous_2)","decl":{"start":{"line":10,"column":45},"end":{"line":10,"column":52}},"loc":{"start":{"line":10,"column":55},"end":{"line":17,"column":5}}},"3":{"name":"(anonymous_3)","decl":{"start":{"line":18,"column":44},"end":{"line":18,"column":51}},"loc":{"start":{"line":18,"column":54},"end":{"line":25,"column":5}}}},"branchMap":{"0":{"loc":{"start":{"line":14,"column":6},"end":{"line":16,"column":null}},"type":"if","locations":[{"start":{"line":14,"column":6},"end":{"line":16,"column":null}},{"start":{"line":14,"column":6},"end":{"line":16,"column":null}}]},"1":{"loc":{"start":{"line":22,"column":6},"end":{"line":24,"column":null}},"type":"if","locations":[{"start":{"line":22,"column":6},"end":{"line":24,"column":null}},{"start":{"line":22,"column":6},"end":{"line":24,"column":null}}]}},"s":{"0":16,"1":6,"2":1,"3":1,"4":1,"5":1,"6":6,"7":5,"8":5,"9":5,"10":5,"11":11},"f":{"0":16,"1":6,"2":1,"3":5},"b":{"0":[1,0],"1":[5,0]}}
,"/home/runner/work/typedraft/typedraft/src/plug-in/draft-plugin-filter.ts": {"path":"/home/runner/work/typedraft/typedraft/src/plug-in/draft-plugin-filter.ts","statementMap":{"0":{"start":{"line":6,"column":4},"end":{"line":6,"column":37}},"1":{"start":{"line":10,"column":4},"end":{"line":12,"column":7}},"2":{"start":{"line":11,"column":6},"end":{"line":11,"column":30}},"3":{"start":{"line":13,"column":4},"end":{"line":15,"column":7}},"4":{"start":{"line":14,"column":6},"end":{"line":14,"column":52}},"5":{"start":{"line":14,"column":30},"end":{"line":14,"column":50}},"6":{"start":{"line":2,"column":0},"end":{"line":2,"column":13}}},"fnMap":{"0":{"name":"(anonymous_0)","decl":{"start":{"line":5,"column":2},"end":{"line":5,"column":14}},"loc":{"start":{"line":5,"column":39},"end":{"line":7,"column":3}}},"1":{"name":"(anonymous_1)","decl":{"start":{"line":9,"column":2},"end":{"line":9,"column":12}},"loc":{"start":{"line":9,"column":12},"end":{"line":16,"column":3}}},"2":{"name":"(anonymous_2)","decl":{"start":{"line":10,"column":44},"end":{"line":10,"column":51}},"loc":{"start":{"line":10,"column":54},"end":{"line":12,"column":5}}},"3":{"name":"(anonymous_3)","decl":{"start":{"line":13,"column":38},"end":{"line":13,"column":45}},"loc":{"start":{"line":13,"column":48},"end":{"line":15,"column":5}}},"4":{"name":"(anonymous_4)","decl":{"start":{"line":14,"column":22},"end":{"line":14,"column":26}},"loc":{"start":{"line":14,"column":30},"end":{"line":14,"column":50}}}},"branchMap":{},"s":{"0":17,"1":7,"2":7,"3":7,"4":2,"5":3,"6":11},"f":{"0":17,"1":7,"2":7,"3":2,"4":3},"b":{}}
,"/home/runner/work/typedraft/typedraft/src/plug-in/draft-plugin-local-context.ts": {"path":"/home/runner/work/typedraft/typedraft/src/plug-in/draft-plugin-local-context.ts","statementMap":{"0":{"start":{"line":4,"column":0},"end":{"line":4,"column":37}},"1":{"start":{"line":35,"column":4},"end":{"line":35,"column":37}},"2":{"start":{"line":9,"column":26},"end":{"line":9,"column":47}},"3":{"start":{"line":10,"column":4},"end":{"line":16,"column":7}},"4":{"start":{"line":11,"column":22},"end":{"line":11,"column":62}},"5":{"start":{"line":12,"column":6},"end":{"line":15,"column":9}},"6":{"start":{"line":13,"column":23},"end":{"line":13,"column":76}},"7":{"start":{"line":13,"column":47},"end":{"line":13,"column":75}},"8":{"start":{"line":14,"column":8},"end":{"line":14,"column":59}},"9":{"start":{"line":20,"column":18},"end":{"line":20,"column":20}},"10":{"start":{"line":21,"column":4},"end":{"line":29,"column":7}},"11":{"start":{"line":22,"column":6},"end":{"line":28,"column":9}},"12":{"start":{"line":23,"column":24},"end":{"line":23,"column":193}},"13":{"start":{"line":23,"column":48},"end":{"line":23,"column":137}},"14":{"start":{"line":25,"column":8},"end":{"line":27,"column":null}},"15":{"start":{"line":26,"column":10},"end":{"line":26,"column":50}},"16":{"start":{"line":30,"column":25},"end":{"line":30,"column":97}},"17":{"start":{"line":30,"column":56},"end":{"line":30,"column":96}},"18":{"start":{"line":31,"column":4},"end":{"line":31,"column":24}},"19":{"start":{"line":5,"column":0},"end":{"line":5,"column":13}},"20":{"start":{"line":39,"column":0},"end":{"line":39,"column":13}}},"fnMap":{"0":{"name":"(anonymous_0)","decl":{"start":{"line":34,"column":2},"end":{"line":34,"column":14}},"loc":{"start":{"line":34,"column":39},"end":{"line":36,"column":3}}},"1":{"name":"(anonymous_1)","decl":{"start":{"line":8,"column":2},"end":{"line":8,"column":12}},"loc":{"start":{"line":8,"column":12},"end":{"line":17,"column":3}}},"2":{"name":"(anonymous_2)","decl":{"start":{"line":10,"column":26},"end":{"line":10,"column":30}},"loc":{"start":{"line":10,"column":33},"end":{"line":16,"column":5}}},"3":{"name":"(anonymous_3)","decl":{"start":{"line":12,"column":29},"end":{"line":12,"column":33}},"loc":{"start":{"line":12,"column":36},"end":{"line":15,"column":7}}},"4":{"name":"(anonymous_4)","decl":{"start":{"line":13,"column":39},"end":{"line":13,"column":43}},"loc":{"start":{"line":13,"column":47},"end":{"line":13,"column":75}}},"5":{"name":"(anonymous_5)","decl":{"start":{"line":19,"column":2},"end":{"line":19,"column":16}},"loc":{"start":{"line":19,"column":16},"end":{"line":32,"column":3}}},"6":{"name":"(anonymous_6)","decl":{"start":{"line":21,"column":44},"end":{"line":21,"column":45}},"loc":{"start":{"line":21,"column":62},"end":{"line":29,"column":5}}},"7":{"name":"(anonymous_7)","decl":{"start":{"line":22,"column":29},"end":{"line":22,"column":33}},"loc":{"start":{"line":22,"column":36},"end":{"line":28,"column":7}}},"8":{"name":"(anonymous_8)","decl":{"start":{"line":23,"column":40},"end":{"line":23,"column":44}},"loc":{"start":{"line":23,"column":48},"end":{"line":23,"column":137}}},"9":{"name":"(anonymous_9)","decl":{"start":{"line":30,"column":48},"end":{"line":30,"column":52}},"loc":{"start":{"line":30,"column":56},"end":{"line":30,"column":96}}}},"branchMap":{"0":{"loc":{"start":{"line":23,"column":48},"end":{"line":23,"column":76}},"type":"binary-expr","locations":[{"start":{"line":23,"column":48},"end":{"line":23,"column":76}},{"start":{"line":23,"column":80},"end":{"line":23,"column":107}},{"start":{"line":23,"column":111},"end":{"line":23,"column":137}}]},"1":{"loc":{"start":{"line":25,"column":8},"end":{"line":27,"column":null}},"type":"if","locations":[{"start":{"line":25,"column":8},"end":{"line":27,"column":null}},{"start":{"line":25,"column":8},"end":{"line":27,"column":null}}]}},"s":{"0":11,"1":22,"2":10,"3":10,"4":14,"5":14,"6":15,"7":45,"8":15,"9":10,"10":10,"11":16,"12":18,"13":94,"14":18,"15":18,"16":10,"17":24,"18":10,"19":11,"20":11},"f":{"0":22,"1":10,"2":14,"3":15,"4":45,"5":10,"6":16,"7":18,"8":94,"9":24},"b":{"0":[94,81,76],"1":[18,0]}}
,"/home/runner/work/typedraft/typedraft/src/plug-in/draft-plugin-refresh.ts": {"path":"/home/runner/work/typedraft/typedraft/src/plug-in/draft-plugin-refresh.ts","statementMap":{"0":{"start":{"line":2,"column":0},"end":{"line":2,"column":62}},"1":{"start":{"line":3,"column":0},"end":{"line":3,"column":51}},"2":{"start":{"line":4,"column":0},"end":{"line":4,"column":60}},"3":{"start":{"line":5,"column":0},"end":{"line":5,"column":62}},"4":{"start":{"line":10,"column":4},"end":{"line":10,"column":37}},"5":{"start":{"line":14,"column":4},"end":{"line":14,"column":42}},"6":{"start":{"line":15,"column":4},"end":{"line":15,"column":43}},"7":{"start":{"line":16,"column":4},"end":{"line":16,"column":44}},"8":{"start":{"line":17,"column":4},"end":{"line":17,"column":50}},"9":{"start":{"line":18,"column":18},"end":{"line":18,"column":55}},"10":{"start":{"line":19,"column":4},"end":{"line":31,"column":7}},"11":{"start":{"line":20,"column":6},"end":{"line":30,"column":null}},"12":{"start":{"line":21,"column":8},"end":{"line":21,"column":61}},"13":{"start":{"line":22,"column":13},"end":{"line":30,"column":null}},"14":{"start":{"line":23,"column":27},"end":{"line":23,"column":43}},"15":{"start":{"line":24,"column":24},"end":{"line":24,"column":70}},"16":{"start":{"line":25,"column":8},"end":{"line":25,"column":94}},"17":{"start":{"line":26,"column":13},"end":{"line":30,"column":null}},"18":{"start":{"line":27,"column":8},"end":{"line":27,"column":63}},"19":{"start":{"line":28,"column":13},"end":{"line":30,"column":null}},"20":{"start":{"line":29,"column":8},"end":{"line":29,"column":67}},"21":{"start":{"line":6,"column":0},"end":{"line":6,"column":13}}},"fnMap":{"0":{"name":"(anonymous_0)","decl":{"start":{"line":9,"column":2},"end":{"line":9,"column":14}},"loc":{"start":{"line":9,"column":39},"end":{"line":11,"column":3}}},"1":{"name":"(anonymous_1)","decl":{"start":{"line":13,"column":2},"end":{"line":13,"column":12}},"loc":{"start":{"line":13,"column":12},"end":{"line":32,"column":3}}},"2":{"name":"(anonymous_2)","decl":{"start":{"line":19,"column":18},"end":{"line":19,"column":22}},"loc":{"start":{"line":19,"column":25},"end":{"line":31,"column":5}}}},"branchMap":{"0":{"loc":{"start":{"line":20,"column":6},"end":{"line":30,"column":null}},"type":"if","locations":[{"start":{"line":20,"column":6},"end":{"line":30,"column":null}},{"start":{"line":20,"column":6},"end":{"line":30,"column":null}}]},"1":{"loc":{"start":{"line":22,"column":13},"end":{"line":30,"column":null}},"type":"if","locations":[{"start":{"line":22,"column":13},"end":{"line":30,"column":null}},{"start":{"line":22,"column":13},"end":{"line":30,"column":null}}]},"2":{"loc":{"start":{"line":25,"column":18},"end":{"line":25,"column":36}},"type":"cond-expr","locations":[{"start":{"line":25,"column":18},"end":{"line":25,"column":36}},{"start":{"line":25,"column":39},"end":{"line":25,"column":93}}]},"3":{"loc":{"start":{"line":26,"column":13},"end":{"line":30,"column":null}},"type":"if","locations":[{"start":{"line":26,"column":13},"end":{"line":30,"column":null}},{"start":{"line":26,"column":13},"end":{"line":30,"column":null}}]},"4":{"loc":{"start":{"line":28,"column":13},"end":{"line":30,"column":null}},"type":"if","locations":[{"start":{"line":28,"column":13},"end":{"line":30,"column":null}},{"start":{"line":28,"column":13},"end":{"line":30,"column":null}}]}},"s":{"0":11,"1":11,"2":11,"3":11,"4":41,"5":21,"6":21,"7":21,"8":21,"9":21,"10":21,"11":45,"12":5,"13":40,"14":12,"15":12,"16":12,"17":28,"18":27,"19":1,"20":1,"21":11},"f":{"0":41,"1":21,"2":45},"b":{"0":[5,40],"1":[12,28],"2":[2,10],"3":[27,1],"4":[1,0]}}
}
