TN:
SF:/home/runner/work/typedraft/typedraft/src/index.ts
FN:27,MakeDefaultTranscriber
FNF:1
FNH:1
FNDA:21,MakeDefaultTranscriber
DA:1,11
DA:3,11
DA:4,11
DA:5,11
DA:6,11
DA:7,11
DA:9,11
DA:10,11
DA:11,11
DA:12,11
DA:13,11
DA:15,11
DA:20,11
DA:21,11
DA:22,11
DA:23,11
DA:24,11
DA:25,11
DA:27,11
DA:28,21
DA:29,21
DA:37,21
LF:22
LH:22
BRF:0
BRH:0
end_of_record
TN:
SF:/home/runner/work/typedraft/typedraft/src/code-object/export-class.ts
FN:24,(anonymous_0)
FN:4,(anonymous_1)
FN:8,(anonymous_2)
FN:12,(anonymous_3)
FN:16,(anonymous_4)
FN:20,(anonymous_5)
FNF:6
FNH:6
FNDA:8,(anonymous_0)
FNDA:11,(anonymous_1)
FNDA:9,(anonymous_2)
FNDA:4,(anonymous_3)
FNDA:5,(anonymous_4)
FNDA:4,(anonymous_5)
DA:1,11
DA:5,11
DA:9,9
DA:13,4
DA:17,5
DA:21,4
DA:25,8
LF:7
LH:7
BRF:0
BRH:0
end_of_record
TN:
SF:/home/runner/work/typedraft/typedraft/src/code-object/inline-context.ts
FN:12,(anonymous_0)
FN:4,(anonymous_1)
FN:8,(anonymous_2)
FN:16,(anonymous_3)
FN:20,(anonymous_4)
FN:28,(anonymous_5)
FNF:6
FNH:6
FNDA:7,(anonymous_0)
FNDA:4,(anonymous_1)
FNDA:6,(anonymous_2)
FNDA:5,(anonymous_3)
FNDA:4,(anonymous_4)
FNDA:6,(anonymous_5)
DA:1,11
DA:5,4
DA:9,6
DA:13,7
DA:17,5
DA:21,4
DA:22,3
DA:24,1
DA:29,6
DA:31,6
DA:32,1
DA:35,5
DA:36,5
DA:43,11
LF:14
LH:14
BRDA:21,0,0,3
BRDA:21,0,1,1
BRDA:31,1,0,1
BRDA:31,1,1,5
BRDA:31,2,0,6
BRDA:31,2,1,6
BRF:6
BRH:6
end_of_record
TN:
SF:/home/runner/work/typedraft/typedraft/src/code-object/local-context.ts
FN:40,(anonymous_0)
FN:4,(anonymous_1)
FN:8,(anonymous_2)
FN:12,(anonymous_3)
FN:16,(anonymous_4)
FN:20,(anonymous_5)
FN:25,(anonymous_6)
FN:29,(anonymous_7)
FNF:8
FNH:8
FNDA:33,(anonymous_0)
FNDA:82,(anonymous_1)
FNDA:69,(anonymous_2)
FNDA:32,(anonymous_3)
FNDA:29,(anonymous_4)
FNDA:5,(anonymous_5)
FNDA:22,(anonymous_6)
FNDA:8,(anonymous_7)
DA:1,11
DA:5,82
DA:9,69
DA:13,32
DA:17,29
DA:21,5
DA:22,5
DA:26,22
DA:30,8
DA:32,8
DA:33,6
DA:34,6
DA:37,2
DA:41,33
LF:14
LH:14
BRDA:32,0,0,6
BRDA:32,0,1,2
BRF:2
BRH:2
end_of_record
TN:
SF:/home/runner/work/typedraft/typedraft/src/code-object/method.ts
FN:36,(anonymous_0)
FN:4,(anonymous_1)
FN:8,(anonymous_2)
FN:12,(anonymous_3)
FN:16,(anonymous_4)
FN:20,(anonymous_5)
FN:24,(anonymous_6)
FN:30,(anonymous_7)
FNF:8
FNH:8
FNDA:16,(anonymous_0)
FNDA:18,(anonymous_1)
FNDA:13,(anonymous_2)
FNDA:5,(anonymous_3)
FNDA:18,(anonymous_4)
FNDA:13,(anonymous_5)
FNDA:5,(anonymous_6)
FNDA:12,(anonymous_7)
DA:1,11
DA:5,18
DA:9,13
DA:13,5
DA:17,18
DA:21,13
DA:29,5
DA:30,12
DA:31,5
DA:32,5
DA:33,5
DA:37,16
DA:41,11
LF:13
LH:13
BRDA:30,0,0,12
BRDA:30,0,1,12
BRDA:31,1,0,1
BRDA:31,1,1,4
BRF:4
BRH:4
end_of_record
TN:
SF:/home/runner/work/typedraft/typedraft/src/code-object/module.ts
FN:44,(anonymous_0)
FN:5,(anonymous_1)
FN:11,(anonymous_2)
FN:15,(anonymous_3)
FN:30,(anonymous_4)
FN:50,IsExportClassCode
FN:58,IsMethodCode
FN:73,IsLocalContext
FN:79,(anonymous_8)
FNF:9
FNH:9
FNDA:23,(anonymous_0)
FNDA:29,(anonymous_1)
FNDA:29,(anonymous_2)
FNDA:104,(anonymous_3)
FNDA:89,(anonymous_4)
FNDA:74,IsExportClassCode
FNDA:67,IsMethodCode
FNDA:53,IsLocalContext
FNDA:32,(anonymous_8)
DA:1,11
DA:6,29
DA:7,29
DA:8,29
DA:12,29
DA:16,104
DA:18,104
DA:19,4
DA:21,4
DA:22,4
DA:30,29
DA:31,89
DA:32,15
DA:33,74
DA:34,7
DA:35,67
DA:36,14
DA:37,53
DA:38,30
DA:41,29
DA:45,23
DA:50,11
DA:51,74
DA:52,49
DA:55,25
DA:56,25
DA:58,11
DA:59,67
DA:60,51
DA:63,16
DA:65,16
DA:66,2
DA:69,14
DA:70,14
DA:71,14
DA:73,11
DA:74,53
DA:75,20
DA:78,33
DA:79,33
DA:80,32
DA:81,32
DA:82,32
DA:83,32
DA:85,33
DA:88,11
DA:89,11
DA:90,11
DA:91,11
DA:92,11
DA:93,11
LF:51
LH:51
BRDA:18,0,0,4
BRDA:18,0,1,100
BRDA:21,1,0,4
BRDA:21,1,1,0
BRDA:21,2,0,4
BRDA:21,2,1,4
BRDA:31,3,0,15
BRDA:31,3,1,74
BRDA:33,4,0,7
BRDA:33,4,1,67
BRDA:35,5,0,14
BRDA:35,5,1,53
BRDA:37,6,0,30
BRDA:37,6,1,23
BRDA:51,7,0,49
BRDA:51,7,1,25
BRDA:59,8,0,51
BRDA:59,8,1,16
BRDA:65,9,0,2
BRDA:65,9,1,14
BRDA:71,10,0,14
BRDA:71,10,1,14
BRDA:74,11,0,20
BRDA:74,11,1,33
BRDA:80,12,0,0
BRDA:80,12,1,32
BRDA:80,13,0,32
BRDA:80,13,1,32
BRDA:80,14,0,0
BRDA:80,14,1,32
BRDA:80,15,0,32
BRDA:80,15,1,32
BRDA:81,16,0,0
BRDA:81,16,1,32
BRDA:81,17,0,32
BRDA:81,17,1,32
BRDA:81,18,0,0
BRDA:81,18,1,32
BRDA:81,19,0,32
BRDA:81,19,1,32
BRDA:81,20,0,0
BRDA:81,20,1,32
BRDA:81,21,0,32
BRDA:81,21,1,32
BRDA:83,22,0,32
BRDA:83,22,1,31
BRDA:83,22,2,26
BRF:47
BRH:41
end_of_record
TN:
SF:/home/runner/work/typedraft/typedraft/src/common/utility.ts
FN:8,ToAst
FN:12,ToNodePath
FN:21,ToBinding
FN:32,ToFile
FN:42,ToString
FNF:5
FNH:5
FNDA:14,ToAst
FNDA:9,ToNodePath
FNDA:3,ToBinding
FNDA:52,ToFile
FNDA:50,ToString
DA:1,11
DA:3,11
DA:4,11
DA:5,11
DA:6,11
DA:8,11
DA:9,14
DA:12,11
DA:13,9
DA:14,9
DA:15,9
DA:21,11
DA:22,3
DA:29,3
DA:32,11
DA:35,52
DA:36,52
DA:42,11
DA:43,50
LF:19
LH:19
BRDA:43,0,0,50
BRDA:43,0,1,32
BRF:2
BRH:2
end_of_record
TN:
SF:/home/runner/work/typedraft/typedraft/src/core/transcriber.ts
FN:45,(anonymous_0)
FN:10,(anonymous_1)
FN:11,(anonymous_2)
FN:17,(anonymous_3)
FN:21,(anonymous_4)
FN:25,(anonymous_5)
FN:29,(anonymous_6)
FN:30,(anonymous_7)
FN:33,(anonymous_8)
FN:34,(anonymous_9)
FN:37,(anonymous_10)
FN:41,(anonymous_11)
FN:42,(anonymous_12)
FNF:13
FNH:13
FNDA:21,(anonymous_0)
FNDA:18,(anonymous_1)
FNDA:69,(anonymous_2)
FNDA:9,(anonymous_3)
FNDA:10,(anonymous_4)
FNDA:41,(anonymous_5)
FNDA:32,(anonymous_6)
FNDA:31,(anonymous_7)
FNDA:9,(anonymous_8)
FNDA:4,(anonymous_9)
FNDA:3,(anonymous_10)
FNDA:20,(anonymous_11)
FNDA:4,(anonymous_12)
DA:1,11
DA:11,69
DA:12,18
DA:18,9
DA:22,10
DA:26,41
DA:30,32
DA:34,9
DA:38,3
DA:42,20
DA:46,21
DA:47,21
DA:48,21
DA:49,21
DA:50,21
DA:51,21
DA:52,21
DA:85,11
DA:86,11
LF:19
LH:19
BRF:0
BRH:0
end_of_record
TN:
SF:/home/runner/work/typedraft/typedraft/src/plug-in/draft-plugin-class.ts
FN:5,(anonymous_0)
FN:9,(anonymous_1)
FN:10,(anonymous_2)
FN:10,(anonymous_3)
FNF:4
FNH:4
FNDA:22,(anonymous_0)
FNDA:10,(anonymous_1)
FNDA:2,(anonymous_2)
FNDA:3,(anonymous_3)
DA:2,11
DA:6,22
DA:10,10
LF:3
LH:3
BRF:0
BRH:0
end_of_record
TN:
SF:/home/runner/work/typedraft/typedraft/src/plug-in/draft-plugin-dsl.ts
FN:7,(anonymous_0)
FN:11,(anonymous_1)
FN:12,(anonymous_2)
FNF:3
FNH:3
FNDA:21,(anonymous_0)
FNDA:9,(anonymous_1)
FNDA:10,(anonymous_2)
DA:4,11
DA:8,21
DA:12,9
DA:13,10
DA:15,10
DA:16,9
DA:20,9
DA:21,9
LF:8
LH:8
BRDA:15,0,0,9
BRDA:15,0,1,1
BRF:2
BRH:2
end_of_record
TN:
SF:/home/runner/work/typedraft/typedraft/src/plug-in/draft-plugin-filter.ts
FN:5,(anonymous_0)
FN:9,(anonymous_1)
FN:10,(anonymous_2)
FN:11,(anonymous_3)
FN:11,(anonymous_4)
FNF:5
FNH:5
FNDA:22,(anonymous_0)
FNDA:10,(anonymous_1)
FNDA:8,(anonymous_2)
FNDA:2,(anonymous_3)
FNDA:3,(anonymous_4)
DA:2,11
DA:6,22
DA:10,10
DA:11,10
LF:4
LH:4
BRF:0
BRH:0
end_of_record
TN:
SF:/home/runner/work/typedraft/typedraft/src/plug-in/draft-plugin-local-context.ts
FN:31,(anonymous_0)
FN:8,(anonymous_1)
FN:10,(anonymous_2)
FN:12,(anonymous_3)
FN:12,(anonymous_4)
FN:16,(anonymous_5)
FN:18,(anonymous_6)
FN:19,(anonymous_7)
FN:20,(anonymous_8)
FN:27,(anonymous_9)
FNF:10
FNH:10
FNDA:27,(anonymous_0)
FNDA:13,(anonymous_1)
FNDA:15,(anonymous_2)
FNDA:16,(anonymous_3)
FNDA:48,(anonymous_4)
FNDA:13,(anonymous_5)
FNDA:17,(anonymous_6)
FNDA:19,(anonymous_7)
FNDA:99,(anonymous_8)
FNDA:26,(anonymous_9)
DA:4,11
DA:5,11
DA:9,13
DA:10,13
DA:11,15
DA:12,48
DA:17,13
DA:18,13
DA:19,17
DA:20,99
DA:22,19
DA:23,19
DA:27,26
DA:28,13
DA:32,27
DA:36,11
LF:16
LH:16
BRDA:20,0,0,99
BRDA:20,0,1,85
BRDA:20,0,2,80
BRDA:22,1,0,19
BRDA:22,1,1,0
BRF:5
BRH:4
end_of_record
TN:
SF:/home/runner/work/typedraft/typedraft/src/plug-in/draft-plugin-refresh.ts
FN:30,(anonymous_0)
FN:9,(anonymous_1)
FN:15,(anonymous_2)
FNF:3
FNH:3
FNDA:51,(anonymous_0)
FNDA:27,(anonymous_1)
FNDA:50,(anonymous_2)
DA:2,11
DA:3,11
DA:4,11
DA:5,11
DA:6,11
DA:10,27
DA:11,27
DA:12,27
DA:13,27
DA:14,27
DA:15,27
DA:16,50
DA:17,5
DA:18,45
DA:19,29
DA:20,16
DA:21,4
DA:22,12
DA:23,12
DA:24,12
DA:25,12
DA:31,51
LF:22
LH:22
BRDA:16,0,0,5
BRDA:16,0,1,45
BRDA:18,1,0,29
BRDA:18,1,1,16
BRDA:20,2,0,4
BRDA:20,2,1,12
BRDA:22,3,0,12
BRDA:22,3,1,0
BRDA:24,4,0,2
BRDA:24,4,1,10
BRDA:24,5,0,12
BRDA:24,5,1,12
BRF:12
BRH:11
end_of_record
