TN:
SF:/home/runner/work/typedraft/typedraft/src/index.ts
FN:26,MakeDefaultTranscriber
FNF:1
FNH:1
FNDA:15,MakeDefaultTranscriber
DA:1,10
DA:3,10
DA:4,10
DA:5,10
DA:6,10
DA:8,10
DA:9,10
DA:10,10
DA:11,10
DA:12,10
DA:14,10
DA:19,10
DA:20,10
DA:21,10
DA:22,10
DA:23,10
DA:24,10
DA:26,10
DA:27,15
DA:28,15
DA:36,15
LF:21
LH:21
BRF:0
BRH:0
end_of_record
TN:
SF:/home/runner/work/typedraft/typedraft/src/code-object/export-class.ts
FN:24,(anonymous_0)
FN:4,(anonymous_1)
FN:8,(anonymous_2)
FN:12,(anonymous_3)
FN:16,(anonymous_4)
FN:20,(anonymous_5)
FNF:6
FNH:6
FNDA:8,(anonymous_0)
FNDA:11,(anonymous_1)
FNDA:9,(anonymous_2)
FNDA:4,(anonymous_3)
FNDA:5,(anonymous_4)
FNDA:4,(anonymous_5)
DA:1,10
DA:5,11
DA:9,9
DA:13,4
DA:17,5
DA:21,4
DA:25,8
LF:7
LH:7
BRF:0
BRH:0
end_of_record
TN:
SF:/home/runner/work/typedraft/typedraft/src/code-object/local-context.ts
FN:40,(anonymous_0)
FN:4,(anonymous_1)
FN:8,(anonymous_2)
FN:12,(anonymous_3)
FN:16,(anonymous_4)
FN:20,(anonymous_5)
FN:25,(anonymous_6)
FN:29,(anonymous_7)
FNF:8
FNH:8
FNDA:31,(anonymous_0)
FNDA:77,(anonymous_1)
FNDA:65,(anonymous_2)
FNDA:30,(anonymous_3)
FNDA:27,(anonymous_4)
FNDA:5,(anonymous_5)
FNDA:21,(anonymous_6)
FNDA:7,(anonymous_7)
DA:1,10
DA:5,77
DA:9,65
DA:13,30
DA:17,27
DA:21,5
DA:22,5
DA:26,21
DA:30,7
DA:32,7
DA:33,6
DA:34,6
DA:37,1
DA:41,31
LF:14
LH:14
BRDA:32,0,0,6
BRDA:32,0,1,1
BRF:2
BRH:2
end_of_record
TN:
SF:/home/runner/work/typedraft/typedraft/src/code-object/method.ts
FN:36,(anonymous_0)
FN:4,(anonymous_1)
FN:8,(anonymous_2)
FN:12,(anonymous_3)
FN:16,(anonymous_4)
FN:20,(anonymous_5)
FN:24,(anonymous_6)
FN:30,(anonymous_7)
FNF:8
FNH:8
FNDA:16,(anonymous_0)
FNDA:18,(anonymous_1)
FNDA:13,(anonymous_2)
FNDA:5,(anonymous_3)
FNDA:18,(anonymous_4)
FNDA:13,(anonymous_5)
FNDA:5,(anonymous_6)
FNDA:12,(anonymous_7)
DA:1,10
DA:5,18
DA:9,13
DA:13,5
DA:17,18
DA:21,13
DA:29,5
DA:30,12
DA:31,5
DA:32,5
DA:33,5
DA:37,16
DA:41,10
LF:13
LH:13
BRDA:30,0,0,12
BRDA:30,0,1,12
BRDA:31,1,0,1
BRDA:31,1,1,4
BRF:4
BRH:4
end_of_record
TN:
SF:/home/runner/work/typedraft/typedraft/src/code-object/module.ts
FN:32,(anonymous_0)
FN:5,(anonymous_1)
FN:10,(anonymous_2)
FN:18,(anonymous_3)
FN:38,IsExportClassCode
FN:46,IsMethodCode
FN:61,IsLocalContext
FN:70,(anonymous_7)
FNF:8
FNH:8
FNDA:17,(anonymous_0)
FNDA:21,(anonymous_1)
FNDA:21,(anonymous_2)
FNDA:79,(anonymous_3)
FNDA:64,IsExportClassCode
FNDA:57,IsMethodCode
FNDA:43,IsLocalContext
FNDA:30,(anonymous_7)
DA:1,10
DA:6,21
DA:7,21
DA:11,21
DA:17,21
DA:18,21
DA:19,79
DA:20,15
DA:21,64
DA:22,7
DA:23,57
DA:24,14
DA:25,43
DA:26,28
DA:29,21
DA:33,17
DA:38,10
DA:39,64
DA:40,47
DA:43,17
DA:44,17
DA:46,10
DA:47,57
DA:48,41
DA:51,16
DA:53,16
DA:54,2
DA:57,14
DA:58,14
DA:59,14
DA:61,10
DA:62,43
DA:63,12
DA:66,31
DA:67,31
DA:68,31
DA:69,31
DA:70,31
DA:71,30
DA:72,30
DA:73,30
DA:75,31
DA:78,10
DA:79,10
DA:80,10
DA:81,10
DA:82,10
LF:47
LH:47
BRDA:19,0,0,15
BRDA:19,0,1,64
BRDA:21,1,0,7
BRDA:21,1,1,57
BRDA:23,2,0,14
BRDA:23,2,1,43
BRDA:25,3,0,28
BRDA:25,3,1,15
BRDA:39,4,0,47
BRDA:39,4,1,17
BRDA:47,5,0,41
BRDA:47,5,1,16
BRDA:53,6,0,2
BRDA:53,6,1,14
BRDA:59,7,0,14
BRDA:59,7,1,14
BRDA:62,8,0,12
BRDA:62,8,1,31
BRDA:71,9,0,0
BRDA:71,9,1,30
BRDA:71,10,0,30
BRDA:71,10,1,30
BRDA:71,11,0,0
BRDA:71,11,1,30
BRDA:71,12,0,30
BRDA:71,12,1,30
BRDA:72,13,0,0
BRDA:72,13,1,30
BRDA:72,14,0,30
BRDA:72,14,1,30
BRDA:72,15,0,0
BRDA:72,15,1,30
BRDA:72,16,0,30
BRDA:72,16,1,30
BRDA:72,17,0,0
BRDA:72,17,1,30
BRDA:72,18,0,30
BRDA:72,18,1,30
BRDA:73,19,0,30
BRDA:73,19,1,5
BRDA:73,19,2,25
BRDA:73,19,3,24
BRF:42
BRH:37
end_of_record
TN:
SF:/home/runner/work/typedraft/typedraft/src/common/utility.ts
FN:8,ToAst
FN:12,ToNodePath
FN:21,ToBinding
FN:32,ToFile
FN:42,ToString
FNF:5
FNH:5
FNDA:8,ToAst
FNDA:6,ToNodePath
FNDA:3,ToBinding
FNDA:38,ToFile
FNDA:38,ToString
DA:1,10
DA:3,10
DA:4,10
DA:5,10
DA:6,10
DA:8,10
DA:9,8
DA:12,10
DA:13,6
DA:14,6
DA:15,6
DA:21,10
DA:22,3
DA:29,3
DA:32,10
DA:35,38
DA:36,38
DA:42,10
DA:43,38
LF:19
LH:19
BRDA:43,0,0,38
BRDA:43,0,1,24
BRF:2
BRH:2
end_of_record
TN:
SF:/home/runner/work/typedraft/typedraft/src/core/transcriber.ts
FN:44,(anonymous_0)
FN:9,(anonymous_1)
FN:10,(anonymous_2)
FN:16,(anonymous_3)
FN:18,(anonymous_4)
FN:22,(anonymous_5)
FN:26,(anonymous_6)
FN:28,(anonymous_7)
FN:32,(anonymous_8)
FN:33,(anonymous_9)
FN:36,(anonymous_10)
FN:40,(anonymous_11)
FN:41,(anonymous_12)
FNF:13
FNH:13
FNDA:15,(anonymous_0)
FNDA:14,(anonymous_1)
FNDA:45,(anonymous_2)
FNDA:15,(anonymous_3)
FNDA:5,(anonymous_4)
FNDA:5,(anonymous_5)
FNDA:15,(anonymous_6)
FNDA:38,(anonymous_7)
FNDA:20,(anonymous_8)
FNDA:28,(anonymous_9)
FNDA:2,(anonymous_10)
FNDA:12,(anonymous_11)
FNDA:4,(anonymous_12)
DA:1,10
DA:10,45
DA:11,14
DA:19,5
DA:23,5
DA:29,38
DA:33,28
DA:37,2
DA:41,12
DA:45,15
DA:46,15
DA:47,15
DA:48,15
DA:49,15
DA:50,15
DA:51,15
DA:79,10
DA:80,10
LF:18
LH:18
BRF:0
BRH:0
end_of_record
TN:
SF:/home/runner/work/typedraft/typedraft/src/plug-in/draft-plugin-class.ts
FN:5,(anonymous_0)
FN:9,(anonymous_1)
FN:11,(anonymous_2)
FN:15,(anonymous_3)
FNF:4
FNH:4
FNDA:16,(anonymous_0)
FNDA:6,(anonymous_1)
FNDA:2,(anonymous_2)
FNDA:3,(anonymous_3)
DA:2,10
DA:6,16
DA:10,6
DA:11,6
DA:12,2
DA:14,2
DA:15,3
LF:7
LH:7
BRDA:14,0,0,2
BRDA:14,0,1,0
BRF:2
BRH:1
end_of_record
TN:
SF:/home/runner/work/typedraft/typedraft/src/plug-in/draft-plugin-dsl.ts
FN:5,(anonymous_0)
FN:9,(anonymous_1)
FN:10,(anonymous_2)
FNF:3
FNH:3
FNDA:15,(anonymous_0)
FNDA:5,(anonymous_1)
FNDA:5,(anonymous_2)
DA:2,10
DA:6,15
DA:10,5
DA:11,5
DA:12,5
DA:14,5
DA:15,5
LF:7
LH:7
BRDA:14,0,0,5
BRDA:14,0,1,0
BRF:2
BRH:1
end_of_record
TN:
SF:/home/runner/work/typedraft/typedraft/src/plug-in/draft-plugin-filter.ts
FN:5,(anonymous_0)
FN:9,(anonymous_1)
FN:10,(anonymous_2)
FN:13,(anonymous_3)
FN:14,(anonymous_4)
FNF:5
FNH:5
FNDA:16,(anonymous_0)
FNDA:6,(anonymous_1)
FNDA:7,(anonymous_2)
FNDA:2,(anonymous_3)
FNDA:3,(anonymous_4)
DA:2,10
DA:6,16
DA:10,6
DA:11,7
DA:13,6
DA:14,3
LF:6
LH:6
BRF:0
BRH:0
end_of_record
TN:
SF:/home/runner/work/typedraft/typedraft/src/plug-in/draft-plugin-local-context.ts
FN:34,(anonymous_0)
FN:8,(anonymous_1)
FN:10,(anonymous_2)
FN:12,(anonymous_3)
FN:13,(anonymous_4)
FN:19,(anonymous_5)
FN:21,(anonymous_6)
FN:22,(anonymous_7)
FN:23,(anonymous_8)
FN:30,(anonymous_9)
FNF:10
FNH:10
FNDA:21,(anonymous_0)
FNDA:9,(anonymous_1)
FNDA:14,(anonymous_2)
FNDA:15,(anonymous_3)
FNDA:45,(anonymous_4)
FNDA:9,(anonymous_5)
FNDA:16,(anonymous_6)
FNDA:18,(anonymous_7)
FNDA:94,(anonymous_8)
FNDA:24,(anonymous_9)
DA:4,10
DA:5,10
DA:9,9
DA:10,9
DA:11,14
DA:12,14
DA:13,45
DA:14,15
DA:20,9
DA:21,9
DA:22,16
DA:23,94
DA:25,18
DA:26,18
DA:30,24
DA:31,9
DA:35,21
DA:39,10
LF:18
LH:18
BRDA:23,0,0,94
BRDA:23,0,1,81
BRDA:23,0,2,76
BRDA:25,1,0,18
BRDA:25,1,1,0
BRF:5
BRH:4
end_of_record
TN:
SF:/home/runner/work/typedraft/typedraft/src/plug-in/draft-plugin-refresh.ts
FN:8,(anonymous_0)
FN:12,(anonymous_1)
FN:17,(anonymous_2)
FNF:3
FNH:3
FNDA:39,(anonymous_0)
FNDA:19,(anonymous_1)
FNDA:44,(anonymous_2)
DA:2,10
DA:3,10
DA:4,10
DA:5,10
DA:9,39
DA:13,19
DA:14,19
DA:15,19
DA:16,19
DA:17,19
DA:18,44
DA:19,5
DA:20,39
DA:21,12
DA:22,12
DA:23,12
DA:24,27
DA:25,27
LF:18
LH:18
BRDA:18,0,0,5
BRDA:18,0,1,39
BRDA:20,1,0,12
BRDA:20,1,1,27
BRDA:23,2,0,2
BRDA:23,2,1,10
BRDA:24,3,0,27
BRDA:24,3,1,0
BRF:8
BRH:7
end_of_record
